This is pdfTeX, Version 3.14159265-2.6-1.40.21 (MiKTeX 20.7) (preloaded format=pdflatex 2020.9.6)  1 OCT 2020 11:15
entering extended mode
**"c:/Users/074be/Documents/####Important Files###/Computer Network Assignmne 2/Computer network assign2 AMRIT PRASAD PHUYAL PUL074BEX004.tex"
("c:/Users/074be/Documents/####Important Files###/Computer Network Assignmne 2/Computer network assign2 AMRIT PRASAD PHUYAL PUL074BEX004.tex"
LaTeX2e <2020-02-02> patch level 5
L3 programming layer <2020-08-07> (C:\Users\074be\AppData\Local\Programs\MiKTeX\tex/latex/base\article.cls
Document Class: article 2019/12/20 v1.4l Standard LaTeX document class
(C:\Users\074be\AppData\Local\Programs\MiKTeX\tex/latex/base\size12.clo
File: size12.clo 2019/12/20 v1.4l Standard LaTeX file (size option)
)
\c@part=\count168
\c@section=\count169
\c@subsection=\count170
\c@subsubsection=\count171
\c@paragraph=\count172
\c@subparagraph=\count173
\c@figure=\count174
\c@table=\count175
\abovecaptionskip=\skip47
\belowcaptionskip=\skip48
\bibindent=\dimen134
) (C:\Users\074be\AppData\Local\Programs\MiKTeX\tex/latex/geometry\geometry.sty
Package: geometry 2020/01/02 v5.9 Page Geometry
 (C:\Users\074be\AppData\Local\Programs\MiKTeX\tex/latex/graphics\keyval.sty
Package: keyval 2014/10/28 v1.15 key=value parser (DPC)
\KV@toks@=\toks15
) (C:\Users\074be\AppData\Local\Programs\MiKTeX\tex/generic/iftex\ifvtex.sty
Package: ifvtex 2019/10/25 v1.7 ifvtex legacy package. Use iftex instead.
 (C:\Users\074be\AppData\Local\Programs\MiKTeX\tex/generic/iftex\iftex.sty
Package: iftex 2020/03/06 v1.0d TeX engine tests
))
\Gm@cnth=\count176
\Gm@cntv=\count177
\c@Gm@tempcnt=\count178
\Gm@bindingoffset=\dimen135
\Gm@wd@mp=\dimen136
\Gm@odd@mp=\dimen137
\Gm@even@mp=\dimen138
\Gm@layoutwidth=\dimen139
\Gm@layoutheight=\dimen140
\Gm@layouthoffset=\dimen141
\Gm@layoutvoffset=\dimen142
\Gm@dimlist=\toks16
 (C:\Users\074be\AppData\Local\Programs\MiKTeX\tex/latex/geometry\geometry.cfg)) (C:\Users\074be\AppData\Local\Programs\MiKTeX\tex/latex/adjustbox\adjustbox.sty
Package: adjustbox 2020/08/19 v1.3 Adjusting TeX boxes (trim, clip, ...)
 (C:\Users\074be\AppData\Local\Programs\MiKTeX\tex/latex/xkeyval\xkeyval.sty
Package: xkeyval 2014/12/03 v2.7a package option processing (HA)
 (C:\Users\074be\AppData\Local\Programs\MiKTeX\tex/generic/xkeyval\xkeyval.tex (C:\Users\074be\AppData\Local\Programs\MiKTeX\tex/generic/xkeyval\xkvutils.tex
\XKV@toks=\toks17
\XKV@tempa@toks=\toks18
)
\XKV@depth=\count179
File: xkeyval.tex 2014/12/03 v2.7a key=value parser (HA)
)) (C:\Users\074be\AppData\Local\Programs\MiKTeX\tex/latex/adjustbox\adjcalc.sty
Package: adjcalc 2012/05/16 v1.1 Provides advanced setlength with multiple back-ends (calc, etex, pgfmath)
) (C:\Users\074be\AppData\Local\Programs\MiKTeX\tex/latex/adjustbox\trimclip.sty
Package: trimclip 2020/08/19 v1.2 Trim and clip general TeX material
 (C:\Users\074be\AppData\Local\Programs\MiKTeX\tex/latex/graphics\graphicx.sty
Package: graphicx 2019/11/30 v1.2a Enhanced LaTeX Graphics (DPC,SPQR)
 (C:\Users\074be\AppData\Local\Programs\MiKTeX\tex/latex/graphics\graphics.sty
Package: graphics 2019/11/30 v1.4a Standard LaTeX Graphics (DPC,SPQR)
 (C:\Users\074be\AppData\Local\Programs\MiKTeX\tex/latex/graphics\trig.sty
Package: trig 2016/01/03 v1.10 sin cos tan (DPC)
) (C:\Users\074be\AppData\Local\Programs\MiKTeX\tex/latex/graphics-cfg\graphics.cfg
File: graphics.cfg 2016/06/04 v1.11 sample graphics configuration
)
Package graphics Info: Driver file: pdftex.def on input line 105.
 (C:\Users\074be\AppData\Local\Programs\MiKTeX\tex/latex/graphics-def\pdftex.def
File: pdftex.def 2018/01/08 v1.0l Graphics/color driver for pdftex
))
\Gin@req@height=\dimen143
\Gin@req@width=\dimen144
) (C:\Users\074be\AppData\Local\Programs\MiKTeX\tex/latex/collectbox\collectbox.sty
Package: collectbox 2012/05/17 v0.4b Collect macro arguments as boxes
\collectedbox=\box45
)
\tc@llx=\dimen145
\tc@lly=\dimen146
\tc@urx=\dimen147
\tc@ury=\dimen148
Package trimclip Info: Using driver 'tc-pdftex.def'.
 (C:\Users\074be\AppData\Local\Programs\MiKTeX\tex/latex/adjustbox\tc-pdftex.def
File: tc-pdftex.def 2019/01/04 v2.2 Clipping driver for pdftex
))
\adjbox@Width=\dimen149
\adjbox@Height=\dimen150
\adjbox@Depth=\dimen151
\adjbox@Totalheight=\dimen152
\adjbox@pwidth=\dimen153
\adjbox@pheight=\dimen154
\adjbox@pdepth=\dimen155
\adjbox@ptotalheight=\dimen156
 (C:\Users\074be\AppData\Local\Programs\MiKTeX\tex/latex/ifoddpage\ifoddpage.sty
Package: ifoddpage 2016/04/23 v1.1 Conditionals for odd/even page detection
\c@checkoddpage=\count180
) (C:\Users\074be\AppData\Local\Programs\MiKTeX\tex/latex/varwidth\varwidth.sty
Package: varwidth 2009/03/30 ver 0.92;  Variable-width minipages
\@vwid@box=\box46
\sift@deathcycles=\count181
\@vwid@loff=\dimen157
\@vwid@roff=\dimen158
)) (C:\Users\074be\AppData\Local\Programs\MiKTeX\tex/generic/babel\babel.sty
Package: babel 2020/07/13 3.47 The Babel package
 (C:\Users\074be\AppData\Local\Programs\MiKTeX\tex/generic/babel\babel.def
File: babel.def 2020/07/13 3.47 Babel common definitions
\babel@savecnt=\count182
\U@D=\dimen159
\l@babelnohyphens=\language79
 (C:\Users\074be\AppData\Local\Programs\MiKTeX\tex/generic/babel\txtbabel.def)
\bbl@readstream=\read2
)
\bbl@dirlevel=\count183

*************************************
* Local config file bblopts.cfg used
*
(C:\Users\074be\AppData\Local\Programs\MiKTeX\tex/latex/arabi\bblopts.cfg
File: bblopts.cfg 2005/09/08 v0.1 add Arabic and Farsi to "declared" options of babel
) (C:\Users\074be\AppData\Local\Programs\MiKTeX\tex/latex/babel-english\english.ldf
Language: english 2017/06/06 v3.3r English support from the babel system
Package babel Info: \l@canadian = using hyphenrules for english
(babel)             (\language0) on input line 102.
Package babel Info: \l@australian = using hyphenrules for ukenglish
(babel)             (\language73) on input line 105.
Package babel Info: \l@newzealand = using hyphenrules for ukenglish
(babel)             (\language73) on input line 108.
)) (C:\Users\074be\AppData\Local\Programs\MiKTeX\tex/latex/base\inputenc.sty
Package: inputenc 2018/08/11 v1.3c Input encoding file
\inpenc@prehook=\toks19
\inpenc@posthook=\toks20
) (C:\Users\074be\AppData\Local\Programs\MiKTeX\tex/latex/fancyhdr\fancyhdr.sty
Package: fancyhdr 2019/01/31 v3.10 Extensive control of page headers and footers
\f@nch@headwidth=\skip49
\f@nch@O@elh=\skip50
\f@nch@O@erh=\skip51
\f@nch@O@olh=\skip52
\f@nch@O@orh=\skip53
\f@nch@O@elf=\skip54
\f@nch@O@erf=\skip55
\f@nch@O@olf=\skip56
\f@nch@O@orf=\skip57
) (C:\Users\074be\AppData\Local\Programs\MiKTeX\tex/latex/tools\multicol.sty
Package: multicol 2019/12/09 v1.8y multicolumn formatting (FMi)
\c@tracingmulticols=\count184
\mult@box=\box47
\multicol@leftmargin=\dimen160
\c@unbalance=\count185
\c@collectmore=\count186
\doublecol@number=\count187
\multicoltolerance=\count188
\multicolpretolerance=\count189
\full@width=\dimen161
\page@free=\dimen162
\premulticols=\dimen163
\postmulticols=\dimen164
\multicolsep=\skip58
\multicolbaselineskip=\skip59
\partial@page=\box48
\last@line=\box49
\maxbalancingoverflow=\dimen165
\mult@rightbox=\box50
\mult@grightbox=\box51
\mult@gfirstbox=\box52
\mult@firstbox=\box53
\@tempa=\box54
\@tempa=\box55
\@tempa=\box56
\@tempa=\box57
\@tempa=\box58
\@tempa=\box59
\@tempa=\box60
\@tempa=\box61
\@tempa=\box62
\@tempa=\box63
\@tempa=\box64
\@tempa=\box65
\@tempa=\box66
\@tempa=\box67
\@tempa=\box68
\@tempa=\box69
\@tempa=\box70
\@tempa=\box71
\@tempa=\box72
\@tempa=\box73
\@tempa=\box74
\@tempa=\box75
\@tempa=\box76
\@tempa=\box77
\@tempa=\box78
\@tempa=\box79
\@tempa=\box80
\@tempa=\box81
\@tempa=\box82
\@tempa=\box83
\@tempa=\box84
\@tempa=\box85
\@tempa=\box86
\@tempa=\box87
\@tempa=\box88
\@tempa=\box89
\@tempa=\box90
\c@minrows=\count190
\c@columnbadness=\count191
\c@finalcolumnbadness=\count192
\last@try=\dimen166
\multicolovershoot=\dimen167
\multicolundershoot=\dimen168
\mult@nat@firstbox=\box91
\colbreak@box=\box92
\mc@col@check@num=\count193
) (C:\Users\074be\AppData\Local\Programs\MiKTeX\tex/latex/psnfss\mathpazo.sty
Package: mathpazo 2020/03/25 PSNFSS-v9.3 Palatino w/ Pazo Math (D.Puga, WaS) 
\symupright=\mathgroup4
) (C:\Users\074be\AppData\Local\Programs\MiKTeX\tex/latex/float\float.sty
Package: float 2001/11/08 v1.3d Float enhancements (AL)
\c@float@type=\count194
\float@exts=\toks21
\float@box=\box93
\@float@everytoks=\toks22
\@floatcapt=\box94
) (AnsENV.tex (C:\Users\074be\AppData\Local\Programs\MiKTeX\tex/latex/koma-script\scrextend.sty
Package: scrextend 2020/07/22 v3.31 KOMA-Script package (extend other classes with features of KOMA-Script classes)
 (C:\Users\074be\AppData\Local\Programs\MiKTeX\tex/latex/koma-script\scrkbase.sty
Package: scrkbase 2020/07/22 v3.31 KOMA-Script package (KOMA-Script-dependent basics and keyval usage)
 (C:\Users\074be\AppData\Local\Programs\MiKTeX\tex/latex/koma-script\scrbase.sty
Package: scrbase 2020/07/22 v3.31 KOMA-Script package (KOMA-Script-independent basics and keyval usage)
 (C:\Users\074be\AppData\Local\Programs\MiKTeX\tex/latex/koma-script\scrlfile.sty
Package: scrlfile 2020/07/22 v3.31 KOMA-Script package (loading files)
))))) (QueENV.tex
\c@QC=\count195
) (DiffENV.tex (C:\Users\074be\AppData\Local\Programs\MiKTeX\tex/latex/xcolor\xcolor.sty
Package: xcolor 2016/05/11 v2.12 LaTeX color extensions (UK)
 (C:\Users\074be\AppData\Local\Programs\MiKTeX\tex/latex/graphics-cfg\color.cfg
File: color.cfg 2016/01/02 v1.6 sample color configuration
)
Package xcolor Info: Driver file: pdftex.def on input line 225.
 (C:\Users\074be\AppData\Local\Programs\MiKTeX\tex/latex/colortbl\colortbl.sty
Package: colortbl 2020/01/04 v1.0e Color table columns (DPC)
 (C:\Users\074be\AppData\Local\Programs\MiKTeX\tex/latex/tools\array.sty
Package: array 2019/08/31 v2.4l Tabular extension package (FMi)
\col@sep=\dimen169
\ar@mcellbox=\box95
\extrarowheight=\dimen170
\NC@list=\toks23
\extratabsurround=\skip60
\backup@length=\skip61
\ar@cellbox=\box96
)
\everycr=\toks24
\minrowclearance=\skip62
)
\rownum=\count196
Package xcolor Info: Model `cmy' substituted by `cmy0' on input line 1348.
Package xcolor Info: Model `hsb' substituted by `rgb' on input line 1352.
Package xcolor Info: Model `RGB' extended on input line 1364.
Package xcolor Info: Model `HTML' substituted by `rgb' on input line 1366.
Package xcolor Info: Model `Hsb' substituted by `hsb' on input line 1367.
Package xcolor Info: Model `tHsb' substituted by `hsb' on input line 1368.
Package xcolor Info: Model `HSB' substituted by `hsb' on input line 1369.
Package xcolor Info: Model `Gray' substituted by `gray' on input line 1370.
Package xcolor Info: Model `wave' substituted by `hsb' on input line 1371.
)) (C:\Users\074be\AppData\Local\Programs\MiKTeX\tex/latex/l3backend\l3backend-pdfmode.def
File: l3backend-pdfmode.def 2020-08-07 L3 backend support: PDF mode
\l__kernel_color_stack_int=\count197
\l__pdf_internal_box=\box97
) ("c:/Users\074be\Documents\####Important Files###\Computer Network Assignmne 2\Computer network assign2 AMRIT PRASAD PHUYAL PUL074BEX004.aux")
\openout1 = `"Computer network assign2 AMRIT PRASAD PHUYAL PUL074BEX004.aux"'.

LaTeX Font Info:    Checking defaults for OML/cmm/m/it on input line 34.
LaTeX Font Info:    ... okay on input line 34.
LaTeX Font Info:    Checking defaults for OMS/cmsy/m/n on input line 34.
LaTeX Font Info:    ... okay on input line 34.
LaTeX Font Info:    Checking defaults for OT1/cmr/m/n on input line 34.
LaTeX Font Info:    ... okay on input line 34.
LaTeX Font Info:    Checking defaults for T1/cmr/m/n on input line 34.
LaTeX Font Info:    ... okay on input line 34.
LaTeX Font Info:    Checking defaults for TS1/cmr/m/n on input line 34.
LaTeX Font Info:    ... okay on input line 34.
LaTeX Font Info:    Checking defaults for OMX/cmex/m/n on input line 34.
LaTeX Font Info:    ... okay on input line 34.
LaTeX Font Info:    Checking defaults for U/cmr/m/n on input line 34.
LaTeX Font Info:    ... okay on input line 34.
LaTeX Font Info:    Trying to load font information for OT1+ppl on input line 34.
 (C:\Users\074be\AppData\Local\Programs\MiKTeX\tex/latex/psnfss\ot1ppl.fd
File: ot1ppl.fd 2001/06/04 font definitions for OT1/ppl.
)
*geometry* driver: auto-detecting
*geometry* detected driver: pdftex
*geometry* verbose mode - [ preamble ] result:
* driver: pdftex
* paper: a4paper
* layout: <same size as paper>
* layoutoffset:(h,v)=(0.0pt,0.0pt)
* modes: 
* h-part:(L,W,R)=(56.9055pt, 483.69684pt, 56.90553pt)
* v-part:(T,H,B)=(56.9055pt, 731.23582pt, 56.90552pt)
* \paperwidth=597.50787pt
* \paperheight=845.04684pt
* \textwidth=483.69684pt
* \textheight=731.23582pt
* \oddsidemargin=-15.36449pt
* \evensidemargin=-15.36449pt
* \topmargin=-52.36449pt
* \headheight=12.0pt
* \headsep=25.0pt
* \topskip=12.0pt
* \footskip=30.0pt
* \marginparwidth=35.0pt
* \marginparsep=10.0pt
* \columnsep=10.0pt
* \skip\footins=10.8pt plus 4.0pt minus 2.0pt
* \hoffset=0.0pt
* \voffset=0.0pt
* \mag=1000
* \@twocolumnfalse
* \@twosidefalse
* \@mparswitchfalse
* \@reversemarginfalse
* (1in=72.27pt=25.4mm, 1cm=28.453pt)

(C:\Users\074be\AppData\Local\Programs\MiKTeX\tex/context/base/mkii\supp-pdf.mkii
[Loading MPS to PDF converter (version 2006.09.02).]
\scratchcounter=\count198
\scratchdimen=\dimen171
\scratchbox=\box98
\nofMPsegments=\count199
\nofMParguments=\count266
\everyMPshowfont=\toks25
\MPscratchCnt=\count267
\MPscratchDim=\dimen172
\MPnumerator=\count268
\makeMPintoPDFobject=\count269
\everyMPtoPDFconversion=\toks26
) (C:\Users\074be\AppData\Local\Programs\MiKTeX\tex/latex/epstopdf-pkg\epstopdf-base.sty
Package: epstopdf-base 2020-01-24 v2.11 Base part for package epstopdf
Package epstopdf-base Info: Redefining graphics rule for `.eps' on input line 485.
)
\big@size=\dimen173
<tulogo.jpg, id=1, 881.2925pt x 1045.9075pt>
File: tulogo.jpg Graphic file (type jpg)
<use tulogo.jpg>
Package pdftex.def Info: tulogo.jpg  used on input line 46.
(pdftex.def)             Requested size: 176.25537pt x 209.1778pt.
LaTeX Font Info:    Trying to load font information for OML+zplm on input line 82.
 (C:\Users\074be\AppData\Local\Programs\MiKTeX\tex/latex/psnfss\omlzplm.fd
File: omlzplm.fd 2002/09/08 Fontinst v1.914 font definitions for OML/zplm.
)
LaTeX Font Info:    Trying to load font information for OMS+zplm on input line 82.
 (C:\Users\074be\AppData\Local\Programs\MiKTeX\tex/latex/psnfss\omszplm.fd
File: omszplm.fd 2002/09/08 Fontinst v1.914 font definitions for OMS/zplm.
)
LaTeX Font Info:    Trying to load font information for OMX+zplm on input line 82.
 (C:\Users\074be\AppData\Local\Programs\MiKTeX\tex/latex/psnfss\omxzplm.fd
File: omxzplm.fd 2002/09/08 Fontinst v1.914 font definitions for OMX/zplm.
)
LaTeX Font Info:    Trying to load font information for OT1+zplm on input line 82.
 (C:\Users\074be\AppData\Local\Programs\MiKTeX\tex/latex/psnfss\ot1zplm.fd
File: ot1zplm.fd 2002/09/08 Fontinst v1.914 font definitions for OT1/zplm.
) [1

{C:/Users/074be/AppData/Local/MiKTeX/pdftex/config/pdftex.map} <c:/Users/074be/Documents/####Important Files###/Computer Network Assignmne 2/tulogo.jpg>] ("c:/Users\074be\Documents\####Important Files###\Computer Network Assignmne 2\Computer network assign2 AMRIT PRASAD PHUYAL PUL074BEX004.toc")
\tf@toc=\write3
\openout3 = `"Computer network assign2 AMRIT PRASAD PHUYAL PUL074BEX004.toc"'.



Package Fancyhdr Warning: \headheight is too small (12.0pt): 
Make it at least 14.49998pt.
We now make it that large for the rest of the document.
This may cause the page layout to be inconsistent, however.

[1] ("c:/Users\074be\Documents\####Important Files###\Computer Network Assignmne 2\Computer network assign2 AMRIT PRASAD PHUYAL PUL074BEX004.lof")
\tf@lof=\write4
\openout4 = `"Computer network assign2 AMRIT PRASAD PHUYAL PUL074BEX004.lof"'.

 [2] ("c:/Users\074be\Documents\####Important Files###\Computer Network Assignmne 2\Computer network assign2 AMRIT PRASAD PHUYAL PUL074BEX004.lot")
\tf@lot=\write5
\openout5 = `"Computer network assign2 AMRIT PRASAD PHUYAL PUL074BEX004.lot"'.

 [3]
<utpstp.jpg, id=18, 602.25pt x 378.41376pt>
File: utpstp.jpg Graphic file (type jpg)
<use utpstp.jpg>
Package pdftex.def Info: utpstp.jpg  used on input line 159.
(pdftex.def)             Requested size: 421.57211pt x 264.88782pt.
<coaxcable.jpg, id=19, 501.875pt x 301.125pt>
File: coaxcable.jpg Graphic file (type jpg)
<use coaxcable.jpg>
Package pdftex.def Info: coaxcable.jpg  used on input line 159.
(pdftex.def)             Requested size: 351.31009pt x 210.78606pt.


LaTeX Warning: `h' float specifier changed to `ht'.

[1 <c:/Users/074be/Documents/####Important Files###/Computer Network Assignmne 2/utpstp.jpg>]
<Opticalfiber.png, id=23, 501.875pt x 303.1325pt>
File: Opticalfiber.png Graphic file (type png)
<use Opticalfiber.png>
Package pdftex.def Info: Opticalfiber.png  used on input line 159.
(pdftex.def)             Requested size: 351.31009pt x 212.1913pt.
 [2 <c:/Users/074be/Documents/####Important Files###/Computer Network Assignmne 2/coaxcable.jpg> <c:/Users/074be/Documents/####Important Files###/Computer Network Assignmne 2/Opticalfiber.png>]
<message_switching.jpg, id=29, 540.0175pt x 283.0575pt>
File: message_switching.jpg Graphic file (type jpg)
<use message_switching.jpg>
Package pdftex.def Info: message_switching.jpg  used on input line 204.
(pdftex.def)             Requested size: 243.00562pt x 127.37468pt.

Overfull \hbox (37.1572pt too wide) in paragraph at lines 204--204
 [][] 
 []

<circuit-switching.png, id=30, 396.7322pt x 137.01187pt>
File: circuit-switching.png Graphic file (type png)
<use circuit-switching.png>
Package pdftex.def Info: circuit-switching.png  used on input line 204.
(pdftex.def)             Requested size: 238.04114pt x 82.20775pt.

Overfull \hbox (32.19272pt too wide) in paragraph at lines 204--204
 [][] 
 []

<packet-switching.png, id=31, 1057.9525pt x 612.2875pt>
File: packet-switching.png Graphic file (type png)
<use packet-switching.png>
Package pdftex.def Info: packet-switching.png  used on input line 204.
(pdftex.def)             Requested size: 264.48747pt x 153.0715pt.

Overfull \hbox (58.63905pt too wide) in paragraph at lines 204--204
 [][] 
 []

[3 <c:/Users/074be/Documents/####Important Files###/Computer Network Assignmne 2/message_switching.jpg> <c:/Users/074be/Documents/####Important Files###/Computer Network Assignmne 2/circuit-switching.png> <c:/Users/074be/Documents/####Important Files###/Computer Network Assignmne 2/packet-switching.png>] [4]
Underfull \hbox (badness 10000) in paragraph at lines 268--268
[]|\OT1/cmss/bx/n/12 Complexity and
 []


Underfull \hbox (badness 5622) in paragraph at lines 272--272
[]|\OT1/cmss/bx/n/12 Propagation De-
 []


Overfull \hbox (27.4641pt too wide) in paragraph at lines 264--273
 [][] 
 []


Underfull \hbox (badness 1152) in paragraph at lines 280--280
[]|\OT1/cmss/m/n/12 Connection Ori-ented i.e re-quire to
 []


Underfull \hbox (badness 10000) in paragraph at lines 281--281
[]|\OT1/cmss/bx/n/12 Processing of
 []


Underfull \hbox (badness 10000) in paragraph at lines 283--283
[]|\OT1/cmss/bx/n/12 Transmission
 []


Underfull \hbox (badness 10000) in paragraph at lines 285--285
[]|\OT1/cmss/bx/n/12 Bandwidth and
 []


Overfull \hbox (27.4641pt too wide) in paragraph at lines 277--286
 [][] 
 []

[5]
Underfull \hbox (badness 6141) in paragraph at lines 290--291
[]|\OT1/cmss/m/n/12 Connection-Oriented as those re-
 []


Underfull \hbox (badness 10000) in paragraph at lines 292--292
[]|\OT1/cmss/bx/n/12 Complexity and
 []


Underfull \hbox (badness 2591) in paragraph at lines 292--292
[]|\OT1/cmss/m/n/12 Easy to setup and main-tain and
 []


Underfull \hbox (badness 3954) in paragraph at lines 294--294
[]|\OT1/cmss/m/n/12 Less re-li-able than Vir-tual Cir-cuit
 []


Overfull \hbox (27.4641pt too wide) in paragraph at lines 289--296
 [][] 
 []

[6] ("c:/Users\074be\Documents\####Important Files###\Computer Network Assignmne 2\Computer network assign2 AMRIT PRASAD PHUYAL PUL074BEX004.aux") ) 
Here is how much of TeX's memory you used:
 5333 strings out of 481212
 83209 string characters out of 2905974
 384072 words of memory out of 3000000
 20800 multiletter control sequences out of 15000+200000
 551573 words of font info for 66 fonts, out of 3000000 for 9000
 1141 hyphenation exceptions out of 8191
 51i,12n,50p,699b,482s stack positions out of 5000i,500n,10000p,200000b,50000s
{C:/Users/074be/AppData/Local/Programs/MiKTeX/fonts/enc/dvips/base/8r.enc}<C:/Users/074be/AppData/Local/Programs/MiKTeX/fonts/type1/public/amsfonts/cm/cmss12.pfb><C:/Users/074be/AppData/Local/Programs/MiKTeX/fonts/type1/public/amsfonts/cm/cmssbx10.pfb><C:/Users/074be/AppData/Local/Programs/MiKTeX/fonts/type1/urw/palatino/uplb8a.pfb><C:/Users/074be/AppData/Local/Programs/MiKTeX/fonts/type1/urw/palatino/uplr8a.pfb><C:/Users/074be/AppData/Local/Programs/MiKTeX/fonts/type1/urw/palatino/uplri8a.pfb>
Output written on "c:/Users\074be\Documents\####Important Files###\Computer Network Assignmne 2\Computer network assign2 AMRIT PRASAD PHUYAL PUL074BEX004.pdf" (10 pages, 373507 bytes).
PDF statistics:
 66 PDF objects out of 1000 (max. 8388607)
 0 named destinations out of 1000 (max. 500000)
 36 words of extra memory for PDF output out of 10000 (max. 10000000)

