\BOOKMARK [1][-]{section.1}{\376\377\000T\000i\000t\000l\000e}{}% 1
\BOOKMARK [1][-]{section.2}{\376\377\000O\000b\000j\000e\000c\000t\000i\000v\000e}{}% 2
\BOOKMARK [1][-]{section.3}{\376\377\000T\000h\000e\000o\000r\000y}{}% 3
\BOOKMARK [2][-]{subsection.3.1}{\376\377\000V\000a\000r\000i\000a\000b\000l\000e\000s}{section.3}% 4
\BOOKMARK [2][-]{subsection.3.2}{\376\377\000V\000e\000c\000t\000o\000r\000s\000\040\000a\000n\000d\000\040\000M\000a\000t\000r\000i\000c\000e\000s}{section.3}% 5
\BOOKMARK [2][-]{subsection.3.3}{\376\377\000A\000r\000i\000t\000h\000m\000e\000t\000i\000c\000\040\000O\000p\000e\000r\000a\000t\000i\000o\000n\000s}{section.3}% 6
\BOOKMARK [2][-]{subsection.3.4}{\376\377\000C\000o\000n\000t\000r\000o\000l\000\040\000F\000l\000o\000w\000\040\000i\000n\000\040\000M\000a\000t\000l\000a\000b}{section.3}% 7
\BOOKMARK [2][-]{subsection.3.5}{\376\377\000S\000o\000m\000e\000\040\000u\000s\000e\000f\000u\000l\000\040\000T\000a\000s\000k\000\040\000,\000\040\000t\000h\000e\000i\000r\000\040\000C\000o\000m\000m\000a\000n\000d\000s\000\040\000a\000n\000d\000\040\000E\000x\000a\000m\000p\000l\000e\000s}{section.3}% 8
\BOOKMARK [3][-]{subsubsection.3.5.1}{\376\377\000U\000s\000e\000r\000-\000D\000e\000f\000i\000n\000e\000d\000\040\000F\000u\000n\000c\000t\000i\000o\000n\000s}{subsection.3.5}% 9
\BOOKMARK [3][-]{subsubsection.3.5.2}{\376\377\0002\000D\000\040\000P\000l\000o\000t\000t\000i\000n\000g}{subsection.3.5}% 10
\BOOKMARK [3][-]{subsubsection.3.5.3}{\376\377\000P\000o\000l\000y\000n\000o\000m\000i\000a\000l\000\040\000R\000o\000o\000t\000s}{subsection.3.5}% 11
\BOOKMARK [3][-]{subsubsection.3.5.4}{\376\377\000D\000e\000a\000l\000i\000n\000g\000\040\000w\000i\000t\000h\000\040\000S\000o\000u\000n\000d\000\040\000F\000i\000l\000e\000s}{subsection.3.5}% 12
\BOOKMARK [3][-]{subsubsection.3.5.5}{\376\377\000C\000o\000m\000p\000l\000e\000x\000\040\000N\000u\000m\000b\000e\000r\000s}{subsection.3.5}% 13
\BOOKMARK [3][-]{subsubsection.3.5.6}{\376\377\000S\000i\000g\000n\000a\000l\000\040\000P\000r\000o\000c\000e\000s\000s\000i\000n\000g\000\040\000a\000n\000d\000\040\000I\000m\000a\000g\000e\000\040\000P\000r\000o\000c\000e\000s\000s\000i\000n\000g}{subsection.3.5}% 14
\BOOKMARK [3][-]{subsubsection.3.5.7}{\376\377\000T\000r\000a\000n\000s\000f\000e\000r\000\040\000F\000u\000n\000c\000t\000i\000o\000n\000\040\000R\000e\000p\000r\000e\000s\000e\000n\000t\000a\000t\000i\000o\000n\000\040\000a\000n\000d\000\040\000F\000r\000e\000q\000u\000e\000n\000c\000y\000\040\000R\000e\000s\000p\000o\000n\000s\000e}{subsection.3.5}% 15
\BOOKMARK [2][-]{subsection.3.6}{\376\377\000G\000e\000t\000t\000i\000n\000g\000\040\000H\000e\000l\000p\000\040\000f\000r\000o\000m\000\040\000M\000a\000t\000l\000a\000b}{section.3}% 16
\BOOKMARK [1][-]{section.4}{\376\377\000L\000A\000B\000\040\000P\000r\000o\000b\000l\000e\000m\000s}{}% 17
\BOOKMARK [2][-]{subsection.4.1}{\376\377\000P\000r\000o\000b\000l\000e\000m\000\040\0001}{section.4}% 18
\BOOKMARK [2][-]{subsection.4.2}{\376\377\000P\000r\000o\000b\000l\000e\000m\000\040\0002}{section.4}% 19
\BOOKMARK [2][-]{subsection.4.3}{\376\377\000P\000r\000o\000b\000l\000e\000m\000\040\0003}{section.4}% 20
\BOOKMARK [2][-]{subsection.4.4}{\376\377\000P\000r\000o\000b\000l\000e\000m\000\040\0004}{section.4}% 21
\BOOKMARK [1][-]{section.5}{\376\377\000D\000i\000s\000c\000u\000s\000s\000i\000o\000n\000\040\000a\000n\000d\000\040\000C\000o\000n\000c\000l\000u\000s\000i\000o\000n}{}% 22
