This is pdfTeX, Version 3.14159265-2.6-1.40.21 (MiKTeX 20.10) (preloaded format=pdflatex 2020.10.19)  12 DEC 2020 12:53
entering extended mode
**"c:/Users/074be/Documents/aaaaaaaaaImportant Files/Computer network LABS/LAB 6/CN LAB 6 Amrit Prasad phuyal.tex"
("c:/Users/074be/Documents/aaaaaaaaaImportant Files/Computer network LABS/LAB 6/CN LAB 6 Amrit Prasad phuyal.tex"
LaTeX2e <2020-10-01> patch level 1
L3 programming layer <2020-10-05> xparse <2020-03-03> (C:\Users\074be\AppData\Local\Programs\MiKTeX\tex/latex/base\article.cls
Document Class: article 2020/04/10 v1.4m Standard LaTeX document class
(C:\Users\074be\AppData\Local\Programs\MiKTeX\tex/latex/base\size11.clo
File: size11.clo 2020/04/10 v1.4m Standard LaTeX file (size option)
)
\c@part=\count175
\c@section=\count176
\c@subsection=\count177
\c@subsubsection=\count178
\c@paragraph=\count179
\c@subparagraph=\count180
\c@figure=\count181
\c@table=\count182
\abovecaptionskip=\skip47
\belowcaptionskip=\skip48
\bibindent=\dimen138
) (C:\Users\074be\AppData\Local\Programs\MiKTeX\tex/latex/geometry\geometry.sty
Package: geometry 2020/01/02 v5.9 Page Geometry
 (C:\Users\074be\AppData\Local\Programs\MiKTeX\tex/latex/graphics\keyval.sty
Package: keyval 2014/10/28 v1.15 key=value parser (DPC)
\KV@toks@=\toks15
) (C:\Users\074be\AppData\Local\Programs\MiKTeX\tex/generic/iftex\ifvtex.sty
Package: ifvtex 2019/10/25 v1.7 ifvtex legacy package. Use iftex instead.
 (C:\Users\074be\AppData\Local\Programs\MiKTeX\tex/generic/iftex\iftex.sty
Package: iftex 2020/03/06 v1.0d TeX engine tests
))
\Gm@cnth=\count183
\Gm@cntv=\count184
\c@Gm@tempcnt=\count185
\Gm@bindingoffset=\dimen139
\Gm@wd@mp=\dimen140
\Gm@odd@mp=\dimen141
\Gm@even@mp=\dimen142
\Gm@layoutwidth=\dimen143
\Gm@layoutheight=\dimen144
\Gm@layouthoffset=\dimen145
\Gm@layoutvoffset=\dimen146
\Gm@dimlist=\toks16
 (C:\Users\074be\AppData\Local\Programs\MiKTeX\tex/latex/geometry\geometry.cfg)) (C:\Users\074be\AppData\Local\Programs\MiKTeX\tex/latex/multirow\multirow.sty
Package: multirow 2019/05/31 v2.5 Span multiple rows of a table
\multirow@colwidth=\skip49
\multirow@cntb=\count186
\multirow@dima=\skip50
\bigstrutjot=\dimen147
) (C:\Users\074be\AppData\Local\Programs\MiKTeX\tex/latex/colortbl\colortbl.sty
Package: colortbl 2020/01/04 v1.0e Color table columns (DPC)
 (C:\Users\074be\AppData\Local\Programs\MiKTeX\tex/latex/tools\array.sty
Package: array 2019/08/31 v2.4l Tabular extension package (FMi)
\col@sep=\dimen148
\ar@mcellbox=\box47
\extrarowheight=\dimen149
\NC@list=\toks17
\extratabsurround=\skip51
\backup@length=\skip52
\ar@cellbox=\box48
) (C:\Users\074be\AppData\Local\Programs\MiKTeX\tex/latex/graphics\color.sty
Package: color 2020/02/24 v1.2b Standard LaTeX Color (DPC)
 (C:\Users\074be\AppData\Local\Programs\MiKTeX\tex/latex/graphics-cfg\color.cfg
File: color.cfg 2016/01/02 v1.6 sample color configuration
)
Package color Info: Driver file: pdftex.def on input line 147.
 (C:\Users\074be\AppData\Local\Programs\MiKTeX\tex/latex/graphics-def\pdftex.def
File: pdftex.def 2020/10/05 v1.2a Graphics/color driver for pdftex
))
\everycr=\toks18
\minrowclearance=\skip53
) (C:\Users\074be\AppData\Local\Programs\MiKTeX\tex/latex/tools\hhline.sty
Package: hhline 2020/01/04 v2.04 Table rule package (DPC)
) (C:\Users\074be\AppData\Local\Programs\MiKTeX\tex/latex/lipsum\lipsum.sty (C:\Users\074be\AppData\Local\Programs\MiKTeX\tex/latex/l3kernel\expl3.sty
Package: expl3 2020-10-05 L3 programming layer (loader) 
 (C:\Users\074be\AppData\Local\Programs\MiKTeX\tex/latex/l3backend\l3backend-pdftex.def
File: l3backend-pdftex.def 2020-09-24 L3 backend support: PDF output (pdfTeX)
\l__kernel_color_stack_int=\count187
\l__pdf_internal_box=\box49
)) (C:\Users\074be\AppData\Local\Programs\MiKTeX\tex/latex/l3packages/xparse\xparse.sty
Package: xparse 2020-10-05 L3 Experimental document command parser
 (C:\Users\074be\AppData\Local\Programs\MiKTeX\tex/latex/l3packages/xparse\xparse-generic.tex))
Package: lipsum 2019/01/02 v2.2 150 paragraphs of Lorem Ipsum dummy text
 (C:\Users\074be\AppData\Local\Programs\MiKTeX\tex/latex/lipsum\lipsum.ltd.tex
File: lipsum.ltd.tex 2019/01/02 v2.2 The Lorem ipsum dummy text
)) (C:\Users\074be\AppData\Local\Programs\MiKTeX\tex/latex/hyperref\hyperref.sty
Package: hyperref 2020-05-15 v7.00e Hypertext links for LaTeX
 (C:\Users\074be\AppData\Local\Programs\MiKTeX\tex/generic/ltxcmds\ltxcmds.sty
Package: ltxcmds 2020-05-10 v1.25 LaTeX kernel commands for general use (HO)
) (C:\Users\074be\AppData\Local\Programs\MiKTeX\tex/generic/pdftexcmds\pdftexcmds.sty
Package: pdftexcmds 2020-06-27 v0.33 Utility functions of pdfTeX for LuaTeX (HO)
 (C:\Users\074be\AppData\Local\Programs\MiKTeX\tex/generic/infwarerr\infwarerr.sty
Package: infwarerr 2019/12/03 v1.5 Providing info/warning/error messages (HO)
)
Package pdftexcmds Info: \pdf@primitive is available.
Package pdftexcmds Info: \pdf@ifprimitive is available.
Package pdftexcmds Info: \pdfdraftmode found.
) (C:\Users\074be\AppData\Local\Programs\MiKTeX\tex/generic/kvsetkeys\kvsetkeys.sty
Package: kvsetkeys 2019/12/15 v1.18 Key value parser (HO)
) (C:\Users\074be\AppData\Local\Programs\MiKTeX\tex/generic/kvdefinekeys\kvdefinekeys.sty
Package: kvdefinekeys 2019-12-19 v1.6 Define keys (HO)
) (C:\Users\074be\AppData\Local\Programs\MiKTeX\tex/generic/pdfescape\pdfescape.sty
Package: pdfescape 2019/12/09 v1.15 Implements pdfTeX's escape features (HO)
) (C:\Users\074be\AppData\Local\Programs\MiKTeX\tex/latex/hycolor\hycolor.sty
Package: hycolor 2020-01-27 v1.10 Color options for hyperref/bookmark (HO)
) (C:\Users\074be\AppData\Local\Programs\MiKTeX\tex/latex/letltxmacro\letltxmacro.sty
Package: letltxmacro 2019/12/03 v1.6 Let assignment for LaTeX macros (HO)
) (C:\Users\074be\AppData\Local\Programs\MiKTeX\tex/latex/auxhook\auxhook.sty
Package: auxhook 2019-12-17 v1.6 Hooks for auxiliary files (HO)
) (C:\Users\074be\AppData\Local\Programs\MiKTeX\tex/latex/kvoptions\kvoptions.sty
Package: kvoptions 2019/11/29 v3.13 Key value format for package options (HO)
)
\@linkdim=\dimen150
\Hy@linkcounter=\count188
\Hy@pagecounter=\count189
 (C:\Users\074be\AppData\Local\Programs\MiKTeX\tex/latex/hyperref\pd1enc.def
File: pd1enc.def 2020-05-15 v7.00e Hyperref: PDFDocEncoding definition (HO)
Now handling font encoding PD1 ...
... no UTF-8 mapping file for font encoding PD1
) (C:\Users\074be\AppData\Local\Programs\MiKTeX\tex/generic/intcalc\intcalc.sty
Package: intcalc 2019/12/15 v1.3 Expandable calculations with integers (HO)
) (C:\Users\074be\AppData\Local\Programs\MiKTeX\tex/generic/etexcmds\etexcmds.sty
Package: etexcmds 2019/12/15 v1.7 Avoid name clashes with e-TeX commands (HO)
)
\Hy@SavedSpaceFactor=\count190
Package hyperref Info: Hyper figures OFF on input line 4464.
Package hyperref Info: Link nesting OFF on input line 4469.
Package hyperref Info: Hyper index ON on input line 4472.
Package hyperref Info: Plain pages OFF on input line 4479.
Package hyperref Info: Backreferencing OFF on input line 4484.
Package hyperref Info: Implicit mode ON; LaTeX internals redefined.
Package hyperref Info: Bookmarks ON on input line 4717.
\c@Hy@tempcnt=\count191
 (C:\Users\074be\AppData\Local\Programs\MiKTeX\tex/latex/url\url.sty
\Urlmuskip=\muskip16
Package: url 2013/09/16  ver 3.4  Verb mode for urls, etc.
)
LaTeX Info: Redefining \url on input line 5076.
\XeTeXLinkMargin=\dimen151
 (C:\Users\074be\AppData\Local\Programs\MiKTeX\tex/generic/bitset\bitset.sty
Package: bitset 2019/12/09 v1.3 Handle bit-vector datatype (HO)
 (C:\Users\074be\AppData\Local\Programs\MiKTeX\tex/generic/bigintcalc\bigintcalc.sty
Package: bigintcalc 2019/12/15 v1.5 Expandable calculations on big integers (HO)
))
\Fld@menulength=\count192
\Field@Width=\dimen152
\Fld@charsize=\dimen153
Package hyperref Info: Hyper figures OFF on input line 6347.
Package hyperref Info: Link nesting OFF on input line 6352.
Package hyperref Info: Hyper index ON on input line 6355.
Package hyperref Info: backreferencing OFF on input line 6362.
Package hyperref Info: Link coloring OFF on input line 6367.
Package hyperref Info: Link coloring with OCG OFF on input line 6372.
Package hyperref Info: PDF/A mode OFF on input line 6377.
LaTeX Info: Redefining \ref on input line 6417.
LaTeX Info: Redefining \pageref on input line 6421.
 (C:\Users\074be\AppData\Local\Programs\MiKTeX\tex/latex/base\atbegshi-ltx.sty
Package: atbegshi-ltx 2020/08/17 v1.0a Emulation of the original atbegshi package
with kernel methods
)
\Hy@abspage=\count193
\c@Item=\count194
\c@Hfootnote=\count195
)
Package hyperref Info: Driver (autodetected): hpdftex.
 (C:\Users\074be\AppData\Local\Programs\MiKTeX\tex/latex/hyperref\hpdftex.def
File: hpdftex.def 2020-05-15 v7.00e Hyperref driver for pdfTeX
 (C:\Users\074be\AppData\Local\Programs\MiKTeX\tex/latex/base\atveryend-ltx.sty
Package: atveryend-ltx 2020/08/19 v1.0a Emulation of the original atvery package
with kernel methods
)
\Fld@listcount=\count196
\c@bookmark@seq@number=\count197
 (C:\Users\074be\AppData\Local\Programs\MiKTeX\tex/latex/rerunfilecheck\rerunfilecheck.sty
Package: rerunfilecheck 2019/12/05 v1.9 Rerun checks for auxiliary files (HO)
 (C:\Users\074be\AppData\Local\Programs\MiKTeX\tex/generic/uniquecounter\uniquecounter.sty
Package: uniquecounter 2019/12/15 v1.4 Provide unlimited unique counter (HO)
)
Package uniquecounter Info: New unique counter `rerunfilecheck' on input line 286.
)
\Hy@SectionHShift=\skip54
)
Package hyperref Info: Option `colorlinks' set `true' on input line 27.
 (C:\Users\074be\AppData\Local\Programs\MiKTeX\tex/latex/adjustbox\adjustbox.sty
Package: adjustbox 2020/08/19 v1.3 Adjusting TeX boxes (trim, clip, ...)
 (C:\Users\074be\AppData\Local\Programs\MiKTeX\tex/latex/xkeyval\xkeyval.sty
Package: xkeyval 2014/12/03 v2.7a package option processing (HA)
 (C:\Users\074be\AppData\Local\Programs\MiKTeX\tex/generic/xkeyval\xkeyval.tex (C:\Users\074be\AppData\Local\Programs\MiKTeX\tex/generic/xkeyval\xkvutils.tex
\XKV@toks=\toks19
\XKV@tempa@toks=\toks20
)
\XKV@depth=\count198
File: xkeyval.tex 2014/12/03 v2.7a key=value parser (HA)
)) (C:\Users\074be\AppData\Local\Programs\MiKTeX\tex/latex/adjustbox\adjcalc.sty
Package: adjcalc 2012/05/16 v1.1 Provides advanced setlength with multiple back-ends (calc, etex, pgfmath)
) (C:\Users\074be\AppData\Local\Programs\MiKTeX\tex/latex/adjustbox\trimclip.sty
Package: trimclip 2020/08/19 v1.2 Trim and clip general TeX material
 (C:\Users\074be\AppData\Local\Programs\MiKTeX\tex/latex/graphics\graphicx.sty
Package: graphicx 2020/09/09 v1.2b Enhanced LaTeX Graphics (DPC,SPQR)
 (C:\Users\074be\AppData\Local\Programs\MiKTeX\tex/latex/graphics\graphics.sty
Package: graphics 2020/08/30 v1.4c Standard LaTeX Graphics (DPC,SPQR)
 (C:\Users\074be\AppData\Local\Programs\MiKTeX\tex/latex/graphics\trig.sty
Package: trig 2016/01/03 v1.10 sin cos tan (DPC)
) (C:\Users\074be\AppData\Local\Programs\MiKTeX\tex/latex/graphics-cfg\graphics.cfg
File: graphics.cfg 2016/06/04 v1.11 sample graphics configuration
)
Package graphics Info: Driver file: pdftex.def on input line 105.
)
\Gin@req@height=\dimen154
\Gin@req@width=\dimen155
) (C:\Users\074be\AppData\Local\Programs\MiKTeX\tex/latex/collectbox\collectbox.sty
Package: collectbox 2012/05/17 v0.4b Collect macro arguments as boxes
\collectedbox=\box50
)
\tc@llx=\dimen156
\tc@lly=\dimen157
\tc@urx=\dimen158
\tc@ury=\dimen159
Package trimclip Info: Using driver 'tc-pdftex.def'.
 (C:\Users\074be\AppData\Local\Programs\MiKTeX\tex/latex/adjustbox\tc-pdftex.def
File: tc-pdftex.def 2019/01/04 v2.2 Clipping driver for pdftex
))
\adjbox@Width=\dimen160
\adjbox@Height=\dimen161
\adjbox@Depth=\dimen162
\adjbox@Totalheight=\dimen163
\adjbox@pwidth=\dimen164
\adjbox@pheight=\dimen165
\adjbox@pdepth=\dimen166
\adjbox@ptotalheight=\dimen167
 (C:\Users\074be\AppData\Local\Programs\MiKTeX\tex/latex/ifoddpage\ifoddpage.sty
Package: ifoddpage 2016/04/23 v1.1 Conditionals for odd/even page detection
\c@checkoddpage=\count199
) (C:\Users\074be\AppData\Local\Programs\MiKTeX\tex/latex/varwidth\varwidth.sty
Package: varwidth 2009/03/30 ver 0.92;  Variable-width minipages
\@vwid@box=\box51
\sift@deathcycles=\count266
\@vwid@loff=\dimen168
\@vwid@roff=\dimen169
)) (C:\Users\074be\AppData\Local\Programs\MiKTeX\tex/generic/babel\babel.sty
Package: babel 2020/10/06 3.50 The Babel package
 (C:\Users\074be\AppData\Local\Programs\MiKTeX\tex/generic/babel\babel.def
File: babel.def 2020/10/06 3.50 Babel common definitions
\babel@savecnt=\count267
\U@D=\dimen170
\l@babelnohyphens=\language79
 (C:\Users\074be\AppData\Local\Programs\MiKTeX\tex/generic/babel\txtbabel.def)
\bbl@readstream=\read2
)
\bbl@dirlevel=\count268

*************************************
* Local config file bblopts.cfg used
*
(C:\Users\074be\AppData\Local\Programs\MiKTeX\tex/latex/arabi\bblopts.cfg
File: bblopts.cfg 2005/09/08 v0.1 add Arabic and Farsi to "declared" options of babel
) (C:\Users\074be\AppData\Local\Programs\MiKTeX\tex/latex/babel-english\english.ldf
Language: english 2017/06/06 v3.3r English support from the babel system
Package babel Info: \l@canadian = using hyphenrules for english
(babel)             (\language0) on input line 102.
Package babel Info: \l@australian = using hyphenrules for ukenglish
(babel)             (\language73) on input line 105.
Package babel Info: \l@newzealand = using hyphenrules for ukenglish
(babel)             (\language73) on input line 108.
)) (C:\Users\074be\AppData\Local\Programs\MiKTeX\tex/latex/base\inputenc.sty
Package: inputenc 2020/08/01 v1.3d Input encoding file
\inpenc@prehook=\toks21
\inpenc@posthook=\toks22
) (C:\Users\074be\AppData\Local\Programs\MiKTeX\tex/latex/fancyhdr\fancyhdr.sty
Package: fancyhdr 2019/01/31 v3.10 Extensive control of page headers and footers
\f@nch@headwidth=\skip55
\f@nch@O@elh=\skip56
\f@nch@O@erh=\skip57
\f@nch@O@olh=\skip58
\f@nch@O@orh=\skip59
\f@nch@O@elf=\skip60
\f@nch@O@erf=\skip61
\f@nch@O@olf=\skip62
\f@nch@O@orf=\skip63
) (C:\Users\074be\AppData\Local\Programs\MiKTeX\tex/latex/tools\multicol.sty
Package: multicol 2019/12/09 v1.8y multicolumn formatting (FMi)
\c@tracingmulticols=\count269
\mult@box=\box52
\multicol@leftmargin=\dimen171
\c@unbalance=\count270
\c@collectmore=\count271
\doublecol@number=\count272
\multicoltolerance=\count273
\multicolpretolerance=\count274
\full@width=\dimen172
\page@free=\dimen173
\premulticols=\dimen174
\postmulticols=\dimen175
\multicolsep=\skip64
\multicolbaselineskip=\skip65
\partial@page=\box53
\last@line=\box54
\maxbalancingoverflow=\dimen176
\mult@rightbox=\box55
\mult@grightbox=\box56
\mult@gfirstbox=\box57
\mult@firstbox=\box58
\@tempa=\box59
\@tempa=\box60
\@tempa=\box61
\@tempa=\box62
\@tempa=\box63
\@tempa=\box64
\@tempa=\box65
\@tempa=\box66
\@tempa=\box67
\@tempa=\box68
\@tempa=\box69
\@tempa=\box70
\@tempa=\box71
\@tempa=\box72
\@tempa=\box73
\@tempa=\box74
\@tempa=\box75
\@tempa=\box76
\@tempa=\box77
\@tempa=\box78
\@tempa=\box79
\@tempa=\box80
\@tempa=\box81
\@tempa=\box82
\@tempa=\box83
\@tempa=\box84
\@tempa=\box85
\@tempa=\box86
\@tempa=\box87
\@tempa=\box88
\@tempa=\box89
\@tempa=\box90
\@tempa=\box91
\@tempa=\box92
\@tempa=\box93
\@tempa=\box94
\@tempa=\box95
\c@minrows=\count275
\c@columnbadness=\count276
\c@finalcolumnbadness=\count277
\last@try=\dimen177
\multicolovershoot=\dimen178
\multicolundershoot=\dimen179
\mult@nat@firstbox=\box96
\colbreak@box=\box97
\mc@col@check@num=\count278
) (C:\Users\074be\AppData\Local\Programs\MiKTeX\tex/latex/psnfss\mathpazo.sty
Package: mathpazo 2020/03/25 PSNFSS-v9.3 Palatino w/ Pazo Math (D.Puga, WaS) 
\symupright=\mathgroup4
) (C:\Users\074be\AppData\Local\Programs\MiKTeX\tex/latex/float\float.sty
Package: float 2001/11/08 v1.3d Float enhancements (AL)
\c@float@type=\count279
\float@exts=\toks23
\float@box=\box98
\@float@everytoks=\toks24
\@floatcapt=\box99
) (AnsENV.tex (C:\Users\074be\AppData\Local\Programs\MiKTeX\tex/latex/koma-script\scrextend.sty
Package: scrextend 2020/09/21 v3.32 KOMA-Script package (extend other classes with features of KOMA-Script classes)
 (C:\Users\074be\AppData\Local\Programs\MiKTeX\tex/latex/koma-script\scrkbase.sty
Package: scrkbase 2020/09/21 v3.32 KOMA-Script package (KOMA-Script-dependent basics and keyval usage)
 (C:\Users\074be\AppData\Local\Programs\MiKTeX\tex/latex/koma-script\scrbase.sty
Package: scrbase 2020/09/21 v3.32 KOMA-Script package (KOMA-Script-independent basics and keyval usage)
 (C:\Users\074be\AppData\Local\Programs\MiKTeX\tex/latex/koma-script\scrlfile.sty
Package: scrlfile 2020/09/21 v3.32 KOMA-Script package (file load hooks)
 (C:\Users\074be\AppData\Local\Programs\MiKTeX\tex/latex/koma-script\scrlfile-hook.sty
Package: scrlfile-hook 2020/09/21 v3.32 KOMA-Script package (using LaTeX hooks)
 (C:\Users\074be\AppData\Local\Programs\MiKTeX\tex/latex/koma-script\scrlogo.sty
Package: scrlogo 2020/09/21 v3.32 KOMA-Script package (logo)
)))))

LaTeX Warning: Command \@footnotemark  has changed.
               Check if current package is valid.

)) (QueENV.tex
\c@QC=\count280
) (CoverPage.tex)
\@input{./CMD output.aux}
\openout2 = `"./CMD output.aux"'.

("CMD output.tex" (C:\Users\074be\AppData\Local\Programs\MiKTeX\tex/latex/listings\listings.sty
\lst@mode=\count281
\lst@gtempboxa=\box100
\lst@token=\toks25
\lst@length=\count282
\lst@currlwidth=\dimen180
\lst@column=\count283
\lst@pos=\count284
\lst@lostspace=\dimen181
\lst@width=\dimen182
\lst@newlines=\count285
\lst@lineno=\count286
\lst@maxwidth=\dimen183
 (C:\Users\074be\AppData\Local\Programs\MiKTeX\tex/latex/listings\lstmisc.sty
File: lstmisc.sty 2020/03/24 1.8d (Carsten Heinz)
\c@lstnumber=\count287
\lst@skipnumbers=\count288
\lst@framebox=\box101
) (C:\Users\074be\AppData\Local\Programs\MiKTeX\tex/latex/listings\listings.cfg
File: listings.cfg 2020/03/24 1.8d listings configuration
))
Package: listings 2020/03/24 1.8d (Carsten Heinz)
 (C:\Users\074be\AppData\Local\Programs\MiKTeX\tex/latex/mdframed\mdframed.sty
Package: mdframed 2013/07/01 1.9b: mdframed
 (C:\Users\074be\AppData\Local\Programs\MiKTeX\tex/latex/etoolbox\etoolbox.sty
Package: etoolbox 2020/10/05 v2.5k e-TeX tools for LaTeX (JAW)
\etb@tempcnta=\count289
) (C:\Users\074be\AppData\Local\Programs\MiKTeX\tex/latex/zref\zref-abspage.sty
Package: zref-abspage 2020-07-03 v2.32 Module abspage for zref (HO)
 (C:\Users\074be\AppData\Local\Programs\MiKTeX\tex/latex/zref\zref-base.sty
Package: zref-base 2020-07-03 v2.32 Module base for zref (HO)
Package zref Info: New property list: main on input line 764.
Package zref Info: New property: default on input line 765.
Package zref Info: New property: page on input line 766.
)
\c@abspage=\count290
Package zref Info: New property: abspage on input line 66.
) (C:\Users\074be\AppData\Local\Programs\MiKTeX\tex/latex/needspace\needspace.sty
Package: needspace 2010/09/12 v1.3d reserve vertical space
)
\mdf@templength=\skip66
\c@mdf@globalstyle@cnt=\count291
\mdf@skipabove@length=\skip67
\mdf@skipbelow@length=\skip68
\mdf@leftmargin@length=\skip69
\mdf@rightmargin@length=\skip70
\mdf@innerleftmargin@length=\skip71
\mdf@innerrightmargin@length=\skip72
\mdf@innertopmargin@length=\skip73
\mdf@innerbottommargin@length=\skip74
\mdf@splittopskip@length=\skip75
\mdf@splitbottomskip@length=\skip76
\mdf@outermargin@length=\skip77
\mdf@innermargin@length=\skip78
\mdf@linewidth@length=\skip79
\mdf@innerlinewidth@length=\skip80
\mdf@middlelinewidth@length=\skip81
\mdf@outerlinewidth@length=\skip82
\mdf@roundcorner@length=\skip83
\mdf@footenotedistance@length=\skip84
\mdf@userdefinedwidth@length=\skip85
\mdf@needspace@length=\skip86
\mdf@frametitleaboveskip@length=\skip87
\mdf@frametitlebelowskip@length=\skip88
\mdf@frametitlerulewidth@length=\skip89
\mdf@frametitleleftmargin@length=\skip90
\mdf@frametitlerightmargin@length=\skip91
\mdf@shadowsize@length=\skip92
\mdf@extratopheight@length=\skip93
\mdf@subtitleabovelinewidth@length=\skip94
\mdf@subtitlebelowlinewidth@length=\skip95
\mdf@subtitleaboveskip@length=\skip96
\mdf@subtitlebelowskip@length=\skip97
\mdf@subtitleinneraboveskip@length=\skip98
\mdf@subtitleinnerbelowskip@length=\skip99
\mdf@subsubtitleabovelinewidth@length=\skip100
\mdf@subsubtitlebelowlinewidth@length=\skip101
\mdf@subsubtitleaboveskip@length=\skip102
\mdf@subsubtitlebelowskip@length=\skip103
\mdf@subsubtitleinneraboveskip@length=\skip104
\mdf@subsubtitleinnerbelowskip@length=\skip105
 (C:\Users\074be\AppData\Local\Programs\MiKTeX\tex/latex/mdframed\md-frame-0.mdf
File: md-frame-0.mdf 2013/07/01\ 1.9b: md-frame-0
)
\mdf@frametitlebox=\box102
\mdf@footnotebox=\box103
\mdf@splitbox@one=\box104
\mdf@splitbox@two=\box105
\mdf@splitbox@save=\box106
\mdfsplitboxwidth=\skip106
\mdfsplitboxtotalwidth=\skip107
\mdfsplitboxheight=\skip108
\mdfsplitboxdepth=\skip109
\mdfsplitboxtotalheight=\skip110
\mdfframetitleboxwidth=\skip111
\mdfframetitleboxtotalwidth=\skip112
\mdfframetitleboxheight=\skip113
\mdfframetitleboxdepth=\skip114
\mdfframetitleboxtotalheight=\skip115
\mdffootnoteboxwidth=\skip116
\mdffootnoteboxtotalwidth=\skip117
\mdffootnoteboxheight=\skip118
\mdffootnoteboxdepth=\skip119
\mdffootnoteboxtotalheight=\skip120
\mdftotallinewidth=\skip121
\mdfboundingboxwidth=\skip122
\mdfboundingboxtotalwidth=\skip123
\mdfboundingboxheight=\skip124
\mdfboundingboxdepth=\skip125
\mdfboundingboxtotalheight=\skip126
\mdf@freevspace@length=\skip127
\mdf@horizontalwidthofbox@length=\skip128
\mdf@verticalmarginwhole@length=\skip129
\mdf@horizontalspaceofbox=\skip130
\mdfsubtitleheight=\skip131
\mdfsubsubtitleheight=\skip132
\c@mdfcountframes=\count292

****** mdframed patching \endmdf@trivlist

****** -- success******

\mdf@envdepth=\count293
\c@mdf@env@i=\count294
\c@mdf@env@ii=\count295
\c@mdf@zref@counter=\count296
Package zref Info: New property: mdf@pagevalue on input line 895.
) (C:\Users\074be\AppData\Local\Programs\MiKTeX\tex/latex/xcolor\xcolor.sty
Package: xcolor 2016/05/11 v2.12 LaTeX color extensions (UK)
 (C:\Users\074be\AppData\Local\Programs\MiKTeX\tex/latex/graphics-cfg\color.cfg
File: color.cfg 2016/01/02 v1.6 sample color configuration
)
Package xcolor Info: Driver file: pdftex.def on input line 225.
LaTeX Info: Redefining \color on input line 709.
Package xcolor Info: Model `cmy' substituted by `cmy0' on input line 1348.
Package xcolor Info: Model `hsb' substituted by `rgb' on input line 1352.
Package xcolor Info: Model `RGB' extended on input line 1364.
Package xcolor Info: Model `HTML' substituted by `rgb' on input line 1366.
Package xcolor Info: Model `Hsb' substituted by `hsb' on input line 1367.
Package xcolor Info: Model `tHsb' substituted by `hsb' on input line 1368.
Package xcolor Info: Model `HSB' substituted by `hsb' on input line 1369.
Package xcolor Info: Model `Gray' substituted by `gray' on input line 1370.
Package xcolor Info: Model `wave' substituted by `hsb' on input line 1371.
))
LaTeX Font Info:    Trying to load font information for OT1+ppl on input line 54.
 (C:\Users\074be\AppData\Local\Programs\MiKTeX\tex/latex/psnfss\ot1ppl.fd
File: ot1ppl.fd 2001/06/04 font definitions for OT1/ppl.
) ("c:/Users\074be\Documents\aaaaaaaaaImportant Files\Computer network LABS\LAB 6\CN LAB 6 Amrit Prasad phuyal.aux")
\openout1 = `"CN LAB 6 Amrit Prasad phuyal.aux"'.

LaTeX Font Info:    Checking defaults for OML/cmm/m/it on input line 54.
LaTeX Font Info:    ... okay on input line 54.
LaTeX Font Info:    Checking defaults for OMS/cmsy/m/n on input line 54.
LaTeX Font Info:    ... okay on input line 54.
LaTeX Font Info:    Checking defaults for OT1/cmr/m/n on input line 54.
LaTeX Font Info:    ... okay on input line 54.
LaTeX Font Info:    Checking defaults for T1/cmr/m/n on input line 54.
LaTeX Font Info:    ... okay on input line 54.
LaTeX Font Info:    Checking defaults for TS1/cmr/m/n on input line 54.
LaTeX Font Info:    ... okay on input line 54.
LaTeX Font Info:    Checking defaults for OMX/cmex/m/n on input line 54.
LaTeX Font Info:    ... okay on input line 54.
LaTeX Font Info:    Checking defaults for U/cmr/m/n on input line 54.
LaTeX Font Info:    ... okay on input line 54.
LaTeX Font Info:    Checking defaults for PD1/pdf/m/n on input line 54.
LaTeX Font Info:    ... okay on input line 54.

*geometry* driver: auto-detecting
*geometry* detected driver: pdftex
*geometry* verbose mode - [ preamble ] result:
* driver: pdftex
* paper: a4paper
* layout: <same size as paper>
* layoutoffset:(h,v)=(0.0pt,0.0pt)
* modes: 
* h-part:(L,W,R)=(56.9055pt, 483.69684pt, 56.90553pt)
* v-part:(T,H,B)=(56.9055pt, 731.23582pt, 56.90552pt)
* \paperwidth=597.50787pt
* \paperheight=845.04684pt
* \textwidth=483.69684pt
* \textheight=731.23582pt
* \oddsidemargin=-15.36449pt
* \evensidemargin=-15.36449pt
* \topmargin=-52.36449pt
* \headheight=30.0pt
* \headsep=25.0pt
* \topskip=11.0pt
* \footskip=20.0pt
* \marginparwidth=50.0pt
* \marginparsep=10.0pt
* \columnsep=10.0pt
* \skip\footins=10.0pt plus 4.0pt minus 2.0pt
* \hoffset=0.0pt
* \voffset=0.0pt
* \mag=1000
* \@twocolumnfalse
* \@twosidefalse
* \@mparswitchfalse
* \@reversemarginfalse
* (1in=72.27pt=25.4mm, 1cm=28.453pt)

(C:\Users\074be\AppData\Local\Programs\MiKTeX\tex/context/base/mkii\supp-pdf.mkii
[Loading MPS to PDF converter (version 2006.09.02).]
\scratchcounter=\count297
\scratchdimen=\dimen184
\scratchbox=\box107
\nofMPsegments=\count298
\nofMParguments=\count299
\everyMPshowfont=\toks26
\MPscratchCnt=\count300
\MPscratchDim=\dimen185
\MPnumerator=\count301
\makeMPintoPDFobject=\count302
\everyMPtoPDFconversion=\toks27
) (C:\Users\074be\AppData\Local\Programs\MiKTeX\tex/latex/epstopdf-pkg\epstopdf-base.sty
Package: epstopdf-base 2020-01-24 v2.11 Base part for package epstopdf
Package epstopdf-base Info: Redefining graphics rule for `.eps' on input line 485.
)
Package hyperref Info: Link coloring ON on input line 54.
 (C:\Users\074be\AppData\Local\Programs\MiKTeX\tex/latex/hyperref\nameref.sty
Package: nameref 2019/09/16 v2.46 Cross-referencing by name of section
 (C:\Users\074be\AppData\Local\Programs\MiKTeX\tex/latex/refcount\refcount.sty
Package: refcount 2019/12/15 v3.6 Data extraction from label references (HO)
) (C:\Users\074be\AppData\Local\Programs\MiKTeX\tex/generic/gettitlestring\gettitlestring.sty
Package: gettitlestring 2019/12/15 v1.6 Cleanup title references (HO)
)
\c@section@level=\count303
)
LaTeX Info: Redefining \ref on input line 54.
LaTeX Info: Redefining \pageref on input line 54.
LaTeX Info: Redefining \nameref on input line 54.
 ("c:/Users\074be\Documents\aaaaaaaaaImportant Files\Computer network LABS\LAB 6\CN LAB 6 Amrit Prasad phuyal.out") ("c:/Users\074be\Documents\aaaaaaaaaImportant Files\Computer network LABS\LAB 6\CN LAB 6 Amrit Prasad phuyal.out")
\@outlinefile=\write3
\openout3 = `"CN LAB 6 Amrit Prasad phuyal.out"'.

\big@size=\dimen186
\c@lstlisting=\count304
<tulogo.jpg, id=59, 881.2925pt x 1045.9075pt>
File: tulogo.jpg Graphic file (type jpg)
<use tulogo.jpg>
Package pdftex.def Info: tulogo.jpg  used on input line 59.
(pdftex.def)             Requested size: 114.57204pt x 135.97275pt.
LaTeX Font Info:    Trying to load font information for OML+zplm on input line 59.
 (C:\Users\074be\AppData\Local\Programs\MiKTeX\tex/latex/psnfss\omlzplm.fd
File: omlzplm.fd 2002/09/08 Fontinst v1.914 font definitions for OML/zplm.
)
LaTeX Font Info:    Trying to load font information for OMS+zplm on input line 59.
 (C:\Users\074be\AppData\Local\Programs\MiKTeX\tex/latex/psnfss\omszplm.fd
File: omszplm.fd 2002/09/08 Fontinst v1.914 font definitions for OMS/zplm.
)
LaTeX Font Info:    Trying to load font information for OMX+zplm on input line 59.
 (C:\Users\074be\AppData\Local\Programs\MiKTeX\tex/latex/psnfss\omxzplm.fd
File: omxzplm.fd 2002/09/08 Fontinst v1.914 font definitions for OMX/zplm.
)
LaTeX Font Info:    Trying to load font information for OT1+zplm on input line 59.
 (C:\Users\074be\AppData\Local\Programs\MiKTeX\tex/latex/psnfss\ot1zplm.fd
File: ot1zplm.fd 2002/09/08 Fontinst v1.914 font definitions for OT1/zplm.
) [1




{C:/Users/074be/AppData/Local/MiKTeX/pdftex/config/pdftex.map} <c:/Users/074be/Documents/aaaaaaaaaImportant Files/Computer network LABS/LAB 6/tulogo.jpg>] ("c:/Users\074be\Documents\aaaaaaaaaImportant Files\Computer network LABS\LAB 6\CN LAB 6 Amrit Prasad phuyal.toc")
\tf@toc=\write4
\openout4 = `"CN LAB 6 Amrit Prasad phuyal.toc"'.

 [1] ("c:/Users\074be\Documents\aaaaaaaaaImportant Files\Computer network LABS\LAB 6\CN LAB 6 Amrit Prasad phuyal.lol"pdfTeX warning (ext4): destination with the same identifier (name{page.}) has been already used, duplicate ignored
<to be read again> 
                   \relax 
l.36 ...6}Ping from PC2 to PC1}{13}{lstlisting.26}
                                                  % [2])
\tf@lol=\write5
\openout5 = `"CN LAB 6 Amrit Prasad phuyal.lol"'.

pdfTeX warning (ext4): destination with the same identifier (name{page.}) has been already used, duplicate ignored
<to be read again> 
                   \relax 
l.73 \listoffigures
                    [3] ("c:/Users\074be\Documents\aaaaaaaaaImportant Files\Computer network LABS\LAB 6\CN LAB 6 Amrit Prasad phuyal.lof")
\tf@lof=\write6
\openout6 = `"CN LAB 6 Amrit Prasad phuyal.lof"'.

pdfTeX warning (ext4): destination with the same identifier (name{page.}) has been already used, duplicate ignored
<to be read again> 
                   \relax 
l.75 \pagenumbering
                   {arabic} [4]
LaTeX Font Info:    Trying to load font information for TS1+ppl on input line 81.
 (C:\Users\074be\AppData\Local\Programs\MiKTeX\tex/latex/psnfss\ts1ppl.fd
File: ts1ppl.fd 2001/06/04 font definitions for TS1/ppl.
)pdfTeX warning (ext4): destination with the same identifier (name{page.1}) has been already used, duplicate ignored
<to be read again> 
                   \relax 
l.101 \section
              {Exercises:} [1]
<./FIG/Lab6A.jpg, id=239, 543.2295pt x 394.47375pt>
File: ./FIG/Lab6A.jpg Graphic file (type jpg)
<use ./FIG/Lab6A.jpg>
Package pdftex.def Info: ./FIG/Lab6A.jpg  used on input line 136.
(pdftex.def)             Requested size: 488.90202pt x 355.02309pt.

Overfull \hbox (12.20518pt too wide) in paragraph at lines 136--137
 [][] 
 []

<./FIG/APC1.jpg, id=240, 383.031pt x 370.986pt>
File: ./FIG/APC1.jpg Graphic file (type jpg)
<use ./FIG/APC1.jpg>
Package pdftex.def Info: ./FIG/APC1.jpg  used on input line 147.
(pdftex.def)             Requested size: 306.42522pt x 296.78918pt.
[2pdfTeX warning (ext4): destination with the same identifier (name{figure.1}) has been already used, duplicate ignored
<argument> ...shipout:D \box_use:N \l_shipout_box 
                                                  
l.150 
       <./FIG/Lab6A.jpg>]
Package hyperref Info: bookmark level for unknown lstlisting defaults to 0 on input line 157.
 (CODES/A2P1-4.txt) (CODES/A2P2-1.txt) (CODES/A2P3-2.txt) [3pdfTeX warning (ext4): destination with the same identifier (name{figure.2}) has been already used, duplicate ignored
<argument> ...shipout:D \box_use:N \l_shipout_box 
                                                  
l.159 ..../CODES/A2P3-2.txt}{Ping from PC3 to PC2}
                                                   <./FIG/APC1.jpg>]
Package mdframed Info: Not enough space on this page on input line 159.
 (CODES/A2P4-3.txt) (CODES/A3P1-4.txt) (CODES/A3P2-1.txt)
Package mdframed Info: Box was splittet wrong
 starting loop to iterate the splitting point
(mdframed)              on input line 171.
 [4] (CODES/A3P3-2.txt) (CODES/A3P4-3.txt)
<./FIG/A26.jpg, id=332, 693.792pt x 222.8325pt>
File: ./FIG/A26.jpg Graphic file (type jpg)
<use ./FIG/A26.jpg>
Package pdftex.def Info: ./FIG/A26.jpg  used on input line 177.
(pdftex.def)             Requested size: 485.65108pt x 155.98167pt.

Overfull \hbox (8.95424pt too wide) in paragraph at lines 177--178
 [][] 
 []

(CODES/A4P1-4.txt)
Package mdframed Info: Not enough space on this page on input line 190.
 [5pdfTeX warning (ext4): destination with the same identifier (name{figure.3}) has been already used, duplicate ignored
<argument> ...shipout:D \box_use:N \l_shipout_box 
                                                  
l.190 ..../CODES/A4P1-4.txt}{Ping from PC1 to PC4}
                                                   <./FIG/A26.jpg>]
Package mdframed Info: Not enough space on this page on input line 190.
 (CODES/A4P2-1.txt) (CODES/A4P3-2.txt) (CODES/A4P4-3.txt)
<./FIG/A27.jpg, id=365, 700.41675pt x 354.123pt>
File: ./FIG/A27.jpg Graphic file (type jpg)
<use ./FIG/A27.jpg>
Package pdftex.def Info: ./FIG/A27.jpg  used on input line 197.
(pdftex.def)             Requested size: 490.28838pt x 247.8844pt.

Overfull \hbox (13.59154pt too wide) in paragraph at lines 197--198
 [][] 
 []

[6] (CODES/A5P1-4.txt) (CODES/A5P2-1.txt) (CODES/A5P3-2.txt)
Package mdframed Info: Not enough space on this page on input line 212.
 [7pdfTeX warning (ext4): destination with the same identifier (name{figure.4}) has been already used, duplicate ignored
<argument> ...shipout:D \box_use:N \l_shipout_box 
                                                  
l.212 ..../CODES/A5P3-2.txt}{Ping from PC3 to PC2}
                                                   <./FIG/A27.jpg>]
Package mdframed Info: Not enough space on this page on input line 212.
 (CODES/A5P4-3.txt)
<./FIG/A28.jpg, id=443, 606.46574pt x 513.117pt>
File: ./FIG/A28.jpg Graphic file (type jpg)
<use ./FIG/A28.jpg>
Package pdftex.def Info: ./FIG/A28.jpg  used on input line 217.
(pdftex.def)             Requested size: 485.17325pt x 410.49416pt.

Overfull \hbox (8.47641pt too wide) in paragraph at lines 217--218
 [][] 
 []

[8] [9pdfTeX warning (ext4): destination with the same identifier (name{figure.5}) has been already used, duplicate ignored
<argument> ...shipout:D \box_use:N \l_shipout_box 
                                                  
l.239 \addtocontents
                    {lol}{\protect\subsection*{\HRule \\ Activities B\\ \HRu... <./FIG/A28.jpg>]
<./FIG/Lab6B.jpg, id=475, 551.661pt x 416.15475pt>
File: ./FIG/Lab6B.jpg Graphic file (type jpg)
<use ./FIG/Lab6B.jpg>
Package pdftex.def Info: ./FIG/Lab6B.jpg  used on input line 250.
(pdftex.def)             Requested size: 496.49031pt x 374.53581pt.

Overfull \hbox (19.79347pt too wide) in paragraph at lines 250--251
 [][] 
 []

(CODES/BP1-4.txt) (CODES/BP2-1.txt)
Package mdframed Info: Not enough space on this page on input line 257.
 [10pdfTeX warning (ext4): destination with the same identifier (name{figure.6}) has been already used, duplicate ignored
<argument> ...shipout:D \box_use:N \l_shipout_box 
                                                  
l.257 ...{./CODES/BP2-1.txt}{Ping from PC2 to PC1}
                                                   <./FIG/Lab6B.jpg>]
Package mdframed Info: Not enough space on this page on input line 257.
 (CODES/BP3-2.txt) (CODES/BP4-3.txt) [11]
<./FIG/Lab6C.jpg, id=536, 540.8205pt x 379.4175pt>
File: ./FIG/Lab6C.jpg Graphic file (type jpg)
<use ./FIG/Lab6C.jpg>
Package pdftex.def Info: ./FIG/Lab6C.jpg  used on input line 297.
(pdftex.def)             Requested size: 486.73395pt x 341.47258pt.

Overfull \hbox (10.03711pt too wide) in paragraph at lines 297--298
 [][] 
 []

(CODES/C2P1-4.txt) (CODES/C2P2-1.txt) [12pdfTeX warning (ext4): destination with the same identifier (name{figure.7}) has been already used, duplicate ignored
<argument> ...shipout:D \box_use:N \l_shipout_box 
                                                  
l.310 ..../CODES/C2P2-1.txt}{Ping from PC2 to PC1}
                                                   <./FIG/Lab6C.jpg>] (CODES/C2P3-2.txt) (CODES/C2P4-3.txt) (CODES/C3P1-4.txt) (CODES/C3P2-1.txt) [13] (CODES/C3P3-2.txt) (CODES/C3P4-3.txt)
<./FIG/C23.jpg, id=609, 697.4055pt x 478.78876pt>
File: ./FIG/C23.jpg Graphic file (type jpg)
<use ./FIG/C23.jpg>
Package pdftex.def Info: ./FIG/C23.jpg  used on input line 331.
(pdftex.def)             Requested size: 488.18053pt x 335.14984pt.

Overfull \hbox (11.48369pt too wide) in paragraph at lines 331--332
 [][] 
 []

[14] (CODES/C4P1-4.txt) (CODES/C4P2-1.txt) [15pdfTeX warning (ext4): destination with the same identifier (name{figure.8}) has been already used, duplicate ignored
<argument> ...shipout:D \box_use:N \l_shipout_box 
                                                  
l.344 ..../CODES/C4P2-1.txt}{Ping from PC2 to PC1}
                                                   <./FIG/C23.jpg>] (CODES/C4P3-2.txt) (CODES/C4P4-3.txt)
<./FIG/C22.jpg, id=668, 799.788pt x 366.168pt>
File: ./FIG/C22.jpg Graphic file (type jpg)
<use ./FIG/C22.jpg>
Package pdftex.def Info: ./FIG/C22.jpg  used on input line 351.
(pdftex.def)             Requested size: 463.87737pt x 212.37758pt.
 [16pdfTeX warning (ext4): destination with the same identifier (name{figure.9}) has been already used, duplicate ignored
<argument> ...shipout:D \box_use:N \l_shipout_box 
                                                  
l.357 
       <./FIG/C22.jpg>] (CODES/C5P1-4.txt) (CODES/C5P2-1.txt) (CODES/C5P3-2.txt) (CODES/C5P4-3.txt) [17]
<./FIG/C21.jpg, id=761, 793.7655pt x 434.8245pt>
File: ./FIG/C21.jpg Graphic file (type jpg)
<use ./FIG/C21.jpg>
Package pdftex.def Info: ./FIG/C21.jpg  used on input line 372.
(pdftex.def)             Requested size: 500.07492pt x 273.94086pt.

Overfull \hbox (23.37808pt too wide) in paragraph at lines 372--373
 [][] 
 []

[18pdfTeX warning (ext4): destination with the same identifier (name{figure.10}) has been already used, duplicate ignored
<argument> ...shipout:D \box_use:N \l_shipout_box 
                                                  
l.390 
       <./FIG/C21.jpg>]
<./FIG/Lab6D.jpg, id=769, 602.25pt x 380.622pt>
File: ./FIG/Lab6D.jpg Graphic file (type jpg)
<use ./FIG/Lab6D.jpg>
Package pdftex.def Info: ./FIG/Lab6D.jpg  used on input line 418.
(pdftex.def)             Requested size: 481.80064pt x 304.49799pt.

Overfull \hbox (5.1038pt too wide) in paragraph at lines 418--419
 [][] 
 []

<./FIG/D27.jpg, id=770, 693.18974pt x 348.1005pt>
File: ./FIG/D27.jpg Graphic file (type jpg)
<use ./FIG/D27.jpg>
Package pdftex.def Info: ./FIG/D27.jpg  used on input line 426.
(pdftex.def)             Requested size: 506.0243pt x 254.11124pt.

Overfull \hbox (29.32747pt too wide) in paragraph at lines 426--427
 [][] 
 []

[19pdfTeX warning (ext4): destination with the same identifier (name{figure.11}) has been already used, duplicate ignored
<argument> ...shipout:D \box_use:N \l_shipout_box 
                                                  
l.429 
       <./FIG/Lab6D.jpg>] (CODES/DP1-4.txt) (CODES/DP4-7.txt) [20pdfTeX warning (ext4): destination with the same identifier (name{figure.12}) has been already used, duplicate ignored
<argument> ...shipout:D \box_use:N \l_shipout_box 
                                                  
l.434 ...{./CODES/DP4-7.txt}{Ping from PC4 to PC7}
                                                   <./FIG/D27.jpg>] (CODES/DP2-ri.txt) [21]
<./FIG/Lab6E.jpg, id=823, 678.1335pt x 413.1435pt>
File: ./FIG/Lab6E.jpg Graphic file (type jpg)
<use ./FIG/Lab6E.jpg>
Package pdftex.def Info: ./FIG/Lab6E.jpg  used on input line 477.
(pdftex.def)             Requested size: 508.59888pt x 309.85684pt.

Overfull \hbox (31.90204pt too wide) in paragraph at lines 477--478
 [][] 
 []

<./FIG/EV.jpg, id=824, 708.246pt x 151.16475pt>
File: ./FIG/EV.jpg Graphic file (type jpg)
<use ./FIG/EV.jpg>
Package pdftex.def Info: ./FIG/EV.jpg  used on input line 483.
(pdftex.def)             Requested size: 517.01527pt x 110.34933pt.

Overfull \hbox (40.31844pt too wide) in paragraph at lines 483--484
 [][] 
 []


Underfull \hbox (badness 10000) in paragraph at lines 487--488

 []

[22pdfTeX warning (ext4): destination with the same identifier (name{figure.13}) has been already used, duplicate ignored
<argument> ...shipout:D \box_use:N \l_shipout_box 
                                                  
l.490 
      pdfTeX warning (ext4): destination with the same identifier (name{figure.14}) has been already used, duplicate ignored
<argument> ...shipout:D \box_use:N \l_shipout_box 
                                                  
l.490 
       <./FIG/Lab6E.jpg> <./FIG/EV.jpg>] (CODES/EP1-4.txt) (CODES/EP4-7.txt) (CODES/EP2-ri.txt) [23]
<./FIG/IOEB.jpg, id=872, 469.755pt x 371.58826pt>
File: ./FIG/IOEB.jpg Graphic file (type jpg)
<use ./FIG/IOEB.jpg>
Package pdftex.def Info: ./FIG/IOEB.jpg  used on input line 546.
(pdftex.def)             Requested size: 399.29364pt x 315.8515pt.
<./FIG/SubTab.jpg, id=873, 744.381pt x 58.41824pt>
File: ./FIG/SubTab.jpg Graphic file (type jpg)
<use ./FIG/SubTab.jpg>
Package pdftex.def Info: ./FIG/SubTab.jpg  used on input line 546.
(pdftex.def)             Requested size: 521.06314pt x 40.89247pt.

Overfull \hbox (44.3663pt too wide) in paragraph at lines 546--546
 [][] 
 []

[24pdfTeX warning (ext4): destination with the same identifier (name{figure.15}) has been already used, duplicate ignored
<argument> ...shipout:D \box_use:N \l_shipout_box 
                                                  
l.546     }
            <./FIG/IOEB.jpg>]
<./FIG/IOEA.jpg, id=878, 627.5445pt x 320.397pt>
File: ./FIG/IOEA.jpg Graphic file (type jpg)
<use ./FIG/IOEA.jpg>
Package pdftex.def Info: ./FIG/IOEA.jpg  used on input line 546.
(pdftex.def)             Requested size: 470.65721pt x 240.29715pt.

Underfull \hbox (badness 10000) in paragraph at lines 570--570

 []

[25pdfTeX warning (ext4): destination with the same identifier (name{figure.16}) has been already used, duplicate ignored
<argument> ...shipout:D \box_use:N \l_shipout_box 
                                                  
l.576 
      pdfTeX warning (ext4): destination with the same identifier (name{figure.17}) has been already used, duplicate ignored
<argument> ...shipout:D \box_use:N \l_shipout_box 
                                                  
l.576 
       <./FIG/SubTab.jpg> <./FIG/IOEA.jpg>] [26] ("c:/Users\074be\Documents\aaaaaaaaaImportant Files\Computer network LABS\LAB 6\CN LAB 6 Amrit Prasad phuyal.aux")
Package rerunfilecheck Info: File `"CN LAB 6 Amrit Prasad phuyal".out' has not changed.
(rerunfilecheck)             Checksum: 4AF1011EC98325EA9B34975A8751CD1D;804.
 ) 
Here is how much of TeX's memory you used:
 13170 strings out of 480236
 212298 string characters out of 2880557
 991462 words of memory out of 3000000
 28637 multiletter control sequences out of 15000+200000
 555905 words of font info for 75 fonts, out of 3000000 for 9000
 1141 hyphenation exceptions out of 8191
 98i,12n,101p,682b,1473s stack positions out of 5000i,500n,10000p,200000b,50000s
{C:/Users/074be/AppData/Local/Programs/MiKTeX/fonts/enc/dvips/base/8r.enc}<C:/Users/074be/AppData/Local/Programs/MiKTeX/fonts/type1/public/amsfonts/cm/cmtt9.pfb><C:/Users/074be/AppData/Local/Programs/MiKTeX/fonts/type1/urw/palatino/uplb8a.pfb><C:/Users/074be/AppData/Local/Programs/MiKTeX/fonts/type1/urw/palatino/uplbi8a.pfb><C:/Users/074be/AppData/Local/Programs/MiKTeX/fonts/type1/urw/palatino/uplr8a.pfb><C:/Users/074be/AppData/Local/Programs/MiKTeX/fonts/type1/urw/palatino/uplri8a.pfb>
Output written on "c:/Users\074be\Documents\aaaaaaaaaImportant Files\Computer network LABS\LAB 6\CN LAB 6 Amrit Prasad phuyal.pdf" (31 pages, 2954710 bytes).
PDF statistics:
 1041 PDF objects out of 1200 (max. 8388607)
 649 named destinations out of 1000 (max. 500000)
 203 words of extra memory for PDF output out of 10000 (max. 10000000)

