This is pdfTeX, Version 3.14159265-2.6-1.40.21 (MiKTeX 20.10) (preloaded format=pdflatex 2020.10.19)  5 DEC 2020 18:33
entering extended mode
**"c:/Users/074be/Documents/aaaaaaaaaImportant Files/Computer network LABS/LAB 5/CN Lab 5 Amrit Prasad Phuyal.tex"
("c:/Users/074be/Documents/aaaaaaaaaImportant Files/Computer network LABS/LAB 5/CN Lab 5 Amrit Prasad Phuyal.tex"
LaTeX2e <2020-10-01> patch level 1
L3 programming layer <2020-10-05> xparse <2020-03-03> (C:\Users\074be\AppData\Local\Programs\MiKTeX\tex/latex/base\article.cls
Document Class: article 2020/04/10 v1.4m Standard LaTeX document class
(C:\Users\074be\AppData\Local\Programs\MiKTeX\tex/latex/base\size11.clo
File: size11.clo 2020/04/10 v1.4m Standard LaTeX file (size option)
)
\c@part=\count175
\c@section=\count176
\c@subsection=\count177
\c@subsubsection=\count178
\c@paragraph=\count179
\c@subparagraph=\count180
\c@figure=\count181
\c@table=\count182
\abovecaptionskip=\skip47
\belowcaptionskip=\skip48
\bibindent=\dimen138
) (C:\Users\074be\AppData\Local\Programs\MiKTeX\tex/latex/geometry\geometry.sty
Package: geometry 2020/01/02 v5.9 Page Geometry
 (C:\Users\074be\AppData\Local\Programs\MiKTeX\tex/latex/graphics\keyval.sty
Package: keyval 2014/10/28 v1.15 key=value parser (DPC)
\KV@toks@=\toks15
) (C:\Users\074be\AppData\Local\Programs\MiKTeX\tex/generic/iftex\ifvtex.sty
Package: ifvtex 2019/10/25 v1.7 ifvtex legacy package. Use iftex instead.
 (C:\Users\074be\AppData\Local\Programs\MiKTeX\tex/generic/iftex\iftex.sty
Package: iftex 2020/03/06 v1.0d TeX engine tests
))
\Gm@cnth=\count183
\Gm@cntv=\count184
\c@Gm@tempcnt=\count185
\Gm@bindingoffset=\dimen139
\Gm@wd@mp=\dimen140
\Gm@odd@mp=\dimen141
\Gm@even@mp=\dimen142
\Gm@layoutwidth=\dimen143
\Gm@layoutheight=\dimen144
\Gm@layouthoffset=\dimen145
\Gm@layoutvoffset=\dimen146
\Gm@dimlist=\toks16
 (C:\Users\074be\AppData\Local\Programs\MiKTeX\tex/latex/geometry\geometry.cfg)) (C:\Users\074be\AppData\Local\Programs\MiKTeX\tex/latex/multirow\multirow.sty
Package: multirow 2019/05/31 v2.5 Span multiple rows of a table
\multirow@colwidth=\skip49
\multirow@cntb=\count186
\multirow@dima=\skip50
\bigstrutjot=\dimen147
) (C:\Users\074be\AppData\Local\Programs\MiKTeX\tex/latex/colortbl\colortbl.sty
Package: colortbl 2020/01/04 v1.0e Color table columns (DPC)
 (C:\Users\074be\AppData\Local\Programs\MiKTeX\tex/latex/tools\array.sty
Package: array 2019/08/31 v2.4l Tabular extension package (FMi)
\col@sep=\dimen148
\ar@mcellbox=\box47
\extrarowheight=\dimen149
\NC@list=\toks17
\extratabsurround=\skip51
\backup@length=\skip52
\ar@cellbox=\box48
) (C:\Users\074be\AppData\Local\Programs\MiKTeX\tex/latex/graphics\color.sty
Package: color 2020/02/24 v1.2b Standard LaTeX Color (DPC)
 (C:\Users\074be\AppData\Local\Programs\MiKTeX\tex/latex/graphics-cfg\color.cfg
File: color.cfg 2016/01/02 v1.6 sample color configuration
)
Package color Info: Driver file: pdftex.def on input line 147.
 (C:\Users\074be\AppData\Local\Programs\MiKTeX\tex/latex/graphics-def\pdftex.def
File: pdftex.def 2020/10/05 v1.2a Graphics/color driver for pdftex
))
\everycr=\toks18
\minrowclearance=\skip53
) (C:\Users\074be\AppData\Local\Programs\MiKTeX\tex/latex/tools\hhline.sty
Package: hhline 2020/01/04 v2.04 Table rule package (DPC)
) (C:\Users\074be\AppData\Local\Programs\MiKTeX\tex/latex/lipsum\lipsum.sty (C:\Users\074be\AppData\Local\Programs\MiKTeX\tex/latex/l3kernel\expl3.sty
Package: expl3 2020-10-05 L3 programming layer (loader) 
 (C:\Users\074be\AppData\Local\Programs\MiKTeX\tex/latex/l3backend\l3backend-pdftex.def
File: l3backend-pdftex.def 2020-09-24 L3 backend support: PDF output (pdfTeX)
\l__kernel_color_stack_int=\count187
\l__pdf_internal_box=\box49
)) (C:\Users\074be\AppData\Local\Programs\MiKTeX\tex/latex/l3packages/xparse\xparse.sty
Package: xparse 2020-10-05 L3 Experimental document command parser
 (C:\Users\074be\AppData\Local\Programs\MiKTeX\tex/latex/l3packages/xparse\xparse-generic.tex))
Package: lipsum 2019/01/02 v2.2 150 paragraphs of Lorem Ipsum dummy text
 (C:\Users\074be\AppData\Local\Programs\MiKTeX\tex/latex/lipsum\lipsum.ltd.tex
File: lipsum.ltd.tex 2019/01/02 v2.2 The Lorem ipsum dummy text
)) (C:\Users\074be\AppData\Local\Programs\MiKTeX\tex/latex/hyperref\hyperref.sty
Package: hyperref 2020-05-15 v7.00e Hypertext links for LaTeX
 (C:\Users\074be\AppData\Local\Programs\MiKTeX\tex/generic/ltxcmds\ltxcmds.sty
Package: ltxcmds 2020-05-10 v1.25 LaTeX kernel commands for general use (HO)
) (C:\Users\074be\AppData\Local\Programs\MiKTeX\tex/generic/pdftexcmds\pdftexcmds.sty
Package: pdftexcmds 2020-06-27 v0.33 Utility functions of pdfTeX for LuaTeX (HO)
 (C:\Users\074be\AppData\Local\Programs\MiKTeX\tex/generic/infwarerr\infwarerr.sty
Package: infwarerr 2019/12/03 v1.5 Providing info/warning/error messages (HO)
)
Package pdftexcmds Info: \pdf@primitive is available.
Package pdftexcmds Info: \pdf@ifprimitive is available.
Package pdftexcmds Info: \pdfdraftmode found.
) (C:\Users\074be\AppData\Local\Programs\MiKTeX\tex/generic/kvsetkeys\kvsetkeys.sty
Package: kvsetkeys 2019/12/15 v1.18 Key value parser (HO)
) (C:\Users\074be\AppData\Local\Programs\MiKTeX\tex/generic/kvdefinekeys\kvdefinekeys.sty
Package: kvdefinekeys 2019-12-19 v1.6 Define keys (HO)
) (C:\Users\074be\AppData\Local\Programs\MiKTeX\tex/generic/pdfescape\pdfescape.sty
Package: pdfescape 2019/12/09 v1.15 Implements pdfTeX's escape features (HO)
) (C:\Users\074be\AppData\Local\Programs\MiKTeX\tex/latex/hycolor\hycolor.sty
Package: hycolor 2020-01-27 v1.10 Color options for hyperref/bookmark (HO)
) (C:\Users\074be\AppData\Local\Programs\MiKTeX\tex/latex/letltxmacro\letltxmacro.sty
Package: letltxmacro 2019/12/03 v1.6 Let assignment for LaTeX macros (HO)
) (C:\Users\074be\AppData\Local\Programs\MiKTeX\tex/latex/auxhook\auxhook.sty
Package: auxhook 2019-12-17 v1.6 Hooks for auxiliary files (HO)
) (C:\Users\074be\AppData\Local\Programs\MiKTeX\tex/latex/kvoptions\kvoptions.sty
Package: kvoptions 2019/11/29 v3.13 Key value format for package options (HO)
)
\@linkdim=\dimen150
\Hy@linkcounter=\count188
\Hy@pagecounter=\count189
 (C:\Users\074be\AppData\Local\Programs\MiKTeX\tex/latex/hyperref\pd1enc.def
File: pd1enc.def 2020-05-15 v7.00e Hyperref: PDFDocEncoding definition (HO)
Now handling font encoding PD1 ...
... no UTF-8 mapping file for font encoding PD1
) (C:\Users\074be\AppData\Local\Programs\MiKTeX\tex/generic/intcalc\intcalc.sty
Package: intcalc 2019/12/15 v1.3 Expandable calculations with integers (HO)
) (C:\Users\074be\AppData\Local\Programs\MiKTeX\tex/generic/etexcmds\etexcmds.sty
Package: etexcmds 2019/12/15 v1.7 Avoid name clashes with e-TeX commands (HO)
)
\Hy@SavedSpaceFactor=\count190
Package hyperref Info: Hyper figures OFF on input line 4464.
Package hyperref Info: Link nesting OFF on input line 4469.
Package hyperref Info: Hyper index ON on input line 4472.
Package hyperref Info: Plain pages OFF on input line 4479.
Package hyperref Info: Backreferencing OFF on input line 4484.
Package hyperref Info: Implicit mode ON; LaTeX internals redefined.
Package hyperref Info: Bookmarks ON on input line 4717.
\c@Hy@tempcnt=\count191
 (C:\Users\074be\AppData\Local\Programs\MiKTeX\tex/latex/url\url.sty
\Urlmuskip=\muskip16
Package: url 2013/09/16  ver 3.4  Verb mode for urls, etc.
)
LaTeX Info: Redefining \url on input line 5076.
\XeTeXLinkMargin=\dimen151
 (C:\Users\074be\AppData\Local\Programs\MiKTeX\tex/generic/bitset\bitset.sty
Package: bitset 2019/12/09 v1.3 Handle bit-vector datatype (HO)
 (C:\Users\074be\AppData\Local\Programs\MiKTeX\tex/generic/bigintcalc\bigintcalc.sty
Package: bigintcalc 2019/12/15 v1.5 Expandable calculations on big integers (HO)
))
\Fld@menulength=\count192
\Field@Width=\dimen152
\Fld@charsize=\dimen153
Package hyperref Info: Hyper figures OFF on input line 6347.
Package hyperref Info: Link nesting OFF on input line 6352.
Package hyperref Info: Hyper index ON on input line 6355.
Package hyperref Info: backreferencing OFF on input line 6362.
Package hyperref Info: Link coloring OFF on input line 6367.
Package hyperref Info: Link coloring with OCG OFF on input line 6372.
Package hyperref Info: PDF/A mode OFF on input line 6377.
LaTeX Info: Redefining \ref on input line 6417.
LaTeX Info: Redefining \pageref on input line 6421.
 (C:\Users\074be\AppData\Local\Programs\MiKTeX\tex/latex/base\atbegshi-ltx.sty
Package: atbegshi-ltx 2020/08/17 v1.0a Emulation of the original atbegshi package
with kernel methods
)
\Hy@abspage=\count193
\c@Item=\count194
\c@Hfootnote=\count195
)
Package hyperref Info: Driver (autodetected): hpdftex.
 (C:\Users\074be\AppData\Local\Programs\MiKTeX\tex/latex/hyperref\hpdftex.def
File: hpdftex.def 2020-05-15 v7.00e Hyperref driver for pdfTeX
 (C:\Users\074be\AppData\Local\Programs\MiKTeX\tex/latex/base\atveryend-ltx.sty
Package: atveryend-ltx 2020/08/19 v1.0a Emulation of the original atvery package
with kernel methods
)
\Fld@listcount=\count196
\c@bookmark@seq@number=\count197
 (C:\Users\074be\AppData\Local\Programs\MiKTeX\tex/latex/rerunfilecheck\rerunfilecheck.sty
Package: rerunfilecheck 2019/12/05 v1.9 Rerun checks for auxiliary files (HO)
 (C:\Users\074be\AppData\Local\Programs\MiKTeX\tex/generic/uniquecounter\uniquecounter.sty
Package: uniquecounter 2019/12/15 v1.4 Provide unlimited unique counter (HO)
)
Package uniquecounter Info: New unique counter `rerunfilecheck' on input line 286.
)
\Hy@SectionHShift=\skip54
)
Package hyperref Info: Option `colorlinks' set `true' on input line 27.
 (C:\Users\074be\AppData\Local\Programs\MiKTeX\tex/latex/adjustbox\adjustbox.sty
Package: adjustbox 2020/08/19 v1.3 Adjusting TeX boxes (trim, clip, ...)
 (C:\Users\074be\AppData\Local\Programs\MiKTeX\tex/latex/xkeyval\xkeyval.sty
Package: xkeyval 2014/12/03 v2.7a package option processing (HA)
 (C:\Users\074be\AppData\Local\Programs\MiKTeX\tex/generic/xkeyval\xkeyval.tex (C:\Users\074be\AppData\Local\Programs\MiKTeX\tex/generic/xkeyval\xkvutils.tex
\XKV@toks=\toks19
\XKV@tempa@toks=\toks20
)
\XKV@depth=\count198
File: xkeyval.tex 2014/12/03 v2.7a key=value parser (HA)
)) (C:\Users\074be\AppData\Local\Programs\MiKTeX\tex/latex/adjustbox\adjcalc.sty
Package: adjcalc 2012/05/16 v1.1 Provides advanced setlength with multiple back-ends (calc, etex, pgfmath)
) (C:\Users\074be\AppData\Local\Programs\MiKTeX\tex/latex/adjustbox\trimclip.sty
Package: trimclip 2020/08/19 v1.2 Trim and clip general TeX material
 (C:\Users\074be\AppData\Local\Programs\MiKTeX\tex/latex/graphics\graphicx.sty
Package: graphicx 2020/09/09 v1.2b Enhanced LaTeX Graphics (DPC,SPQR)
 (C:\Users\074be\AppData\Local\Programs\MiKTeX\tex/latex/graphics\graphics.sty
Package: graphics 2020/08/30 v1.4c Standard LaTeX Graphics (DPC,SPQR)
 (C:\Users\074be\AppData\Local\Programs\MiKTeX\tex/latex/graphics\trig.sty
Package: trig 2016/01/03 v1.10 sin cos tan (DPC)
) (C:\Users\074be\AppData\Local\Programs\MiKTeX\tex/latex/graphics-cfg\graphics.cfg
File: graphics.cfg 2016/06/04 v1.11 sample graphics configuration
)
Package graphics Info: Driver file: pdftex.def on input line 105.
)
\Gin@req@height=\dimen154
\Gin@req@width=\dimen155
) (C:\Users\074be\AppData\Local\Programs\MiKTeX\tex/latex/collectbox\collectbox.sty
Package: collectbox 2012/05/17 v0.4b Collect macro arguments as boxes
\collectedbox=\box50
)
\tc@llx=\dimen156
\tc@lly=\dimen157
\tc@urx=\dimen158
\tc@ury=\dimen159
Package trimclip Info: Using driver 'tc-pdftex.def'.
 (C:\Users\074be\AppData\Local\Programs\MiKTeX\tex/latex/adjustbox\tc-pdftex.def
File: tc-pdftex.def 2019/01/04 v2.2 Clipping driver for pdftex
))
\adjbox@Width=\dimen160
\adjbox@Height=\dimen161
\adjbox@Depth=\dimen162
\adjbox@Totalheight=\dimen163
\adjbox@pwidth=\dimen164
\adjbox@pheight=\dimen165
\adjbox@pdepth=\dimen166
\adjbox@ptotalheight=\dimen167
 (C:\Users\074be\AppData\Local\Programs\MiKTeX\tex/latex/ifoddpage\ifoddpage.sty
Package: ifoddpage 2016/04/23 v1.1 Conditionals for odd/even page detection
\c@checkoddpage=\count199
) (C:\Users\074be\AppData\Local\Programs\MiKTeX\tex/latex/varwidth\varwidth.sty
Package: varwidth 2009/03/30 ver 0.92;  Variable-width minipages
\@vwid@box=\box51
\sift@deathcycles=\count266
\@vwid@loff=\dimen168
\@vwid@roff=\dimen169
)) (C:\Users\074be\AppData\Local\Programs\MiKTeX\tex/generic/babel\babel.sty
Package: babel 2020/10/06 3.50 The Babel package
 (C:\Users\074be\AppData\Local\Programs\MiKTeX\tex/generic/babel\babel.def
File: babel.def 2020/10/06 3.50 Babel common definitions
\babel@savecnt=\count267
\U@D=\dimen170
\l@babelnohyphens=\language79
 (C:\Users\074be\AppData\Local\Programs\MiKTeX\tex/generic/babel\txtbabel.def)
\bbl@readstream=\read2
)
\bbl@dirlevel=\count268

*************************************
* Local config file bblopts.cfg used
*
(C:\Users\074be\AppData\Local\Programs\MiKTeX\tex/latex/arabi\bblopts.cfg
File: bblopts.cfg 2005/09/08 v0.1 add Arabic and Farsi to "declared" options of babel
) (C:\Users\074be\AppData\Local\Programs\MiKTeX\tex/latex/babel-english\english.ldf
Language: english 2017/06/06 v3.3r English support from the babel system
Package babel Info: \l@canadian = using hyphenrules for english
(babel)             (\language0) on input line 102.
Package babel Info: \l@australian = using hyphenrules for ukenglish
(babel)             (\language73) on input line 105.
Package babel Info: \l@newzealand = using hyphenrules for ukenglish
(babel)             (\language73) on input line 108.
)) (C:\Users\074be\AppData\Local\Programs\MiKTeX\tex/latex/base\inputenc.sty
Package: inputenc 2020/08/01 v1.3d Input encoding file
\inpenc@prehook=\toks21
\inpenc@posthook=\toks22
) (C:\Users\074be\AppData\Local\Programs\MiKTeX\tex/latex/fancyhdr\fancyhdr.sty
Package: fancyhdr 2019/01/31 v3.10 Extensive control of page headers and footers
\f@nch@headwidth=\skip55
\f@nch@O@elh=\skip56
\f@nch@O@erh=\skip57
\f@nch@O@olh=\skip58
\f@nch@O@orh=\skip59
\f@nch@O@elf=\skip60
\f@nch@O@erf=\skip61
\f@nch@O@olf=\skip62
\f@nch@O@orf=\skip63
) (C:\Users\074be\AppData\Local\Programs\MiKTeX\tex/latex/tools\multicol.sty
Package: multicol 2019/12/09 v1.8y multicolumn formatting (FMi)
\c@tracingmulticols=\count269
\mult@box=\box52
\multicol@leftmargin=\dimen171
\c@unbalance=\count270
\c@collectmore=\count271
\doublecol@number=\count272
\multicoltolerance=\count273
\multicolpretolerance=\count274
\full@width=\dimen172
\page@free=\dimen173
\premulticols=\dimen174
\postmulticols=\dimen175
\multicolsep=\skip64
\multicolbaselineskip=\skip65
\partial@page=\box53
\last@line=\box54
\maxbalancingoverflow=\dimen176
\mult@rightbox=\box55
\mult@grightbox=\box56
\mult@gfirstbox=\box57
\mult@firstbox=\box58
\@tempa=\box59
\@tempa=\box60
\@tempa=\box61
\@tempa=\box62
\@tempa=\box63
\@tempa=\box64
\@tempa=\box65
\@tempa=\box66
\@tempa=\box67
\@tempa=\box68
\@tempa=\box69
\@tempa=\box70
\@tempa=\box71
\@tempa=\box72
\@tempa=\box73
\@tempa=\box74
\@tempa=\box75
\@tempa=\box76
\@tempa=\box77
\@tempa=\box78
\@tempa=\box79
\@tempa=\box80
\@tempa=\box81
\@tempa=\box82
\@tempa=\box83
\@tempa=\box84
\@tempa=\box85
\@tempa=\box86
\@tempa=\box87
\@tempa=\box88
\@tempa=\box89
\@tempa=\box90
\@tempa=\box91
\@tempa=\box92
\@tempa=\box93
\@tempa=\box94
\@tempa=\box95
\c@minrows=\count275
\c@columnbadness=\count276
\c@finalcolumnbadness=\count277
\last@try=\dimen177
\multicolovershoot=\dimen178
\multicolundershoot=\dimen179
\mult@nat@firstbox=\box96
\colbreak@box=\box97
\mc@col@check@num=\count278
) (C:\Users\074be\AppData\Local\Programs\MiKTeX\tex/latex/psnfss\mathpazo.sty
Package: mathpazo 2020/03/25 PSNFSS-v9.3 Palatino w/ Pazo Math (D.Puga, WaS) 
\symupright=\mathgroup4
) (C:\Users\074be\AppData\Local\Programs\MiKTeX\tex/latex/float\float.sty
Package: float 2001/11/08 v1.3d Float enhancements (AL)
\c@float@type=\count279
\float@exts=\toks23
\float@box=\box98
\@float@everytoks=\toks24
\@floatcapt=\box99
) (AnsENV.tex (C:\Users\074be\AppData\Local\Programs\MiKTeX\tex/latex/koma-script\scrextend.sty
Package: scrextend 2020/09/21 v3.32 KOMA-Script package (extend other classes with features of KOMA-Script classes)
 (C:\Users\074be\AppData\Local\Programs\MiKTeX\tex/latex/koma-script\scrkbase.sty
Package: scrkbase 2020/09/21 v3.32 KOMA-Script package (KOMA-Script-dependent basics and keyval usage)
 (C:\Users\074be\AppData\Local\Programs\MiKTeX\tex/latex/koma-script\scrbase.sty
Package: scrbase 2020/09/21 v3.32 KOMA-Script package (KOMA-Script-independent basics and keyval usage)
 (C:\Users\074be\AppData\Local\Programs\MiKTeX\tex/latex/koma-script\scrlfile.sty
Package: scrlfile 2020/09/21 v3.32 KOMA-Script package (file load hooks)
 (C:\Users\074be\AppData\Local\Programs\MiKTeX\tex/latex/koma-script\scrlfile-hook.sty
Package: scrlfile-hook 2020/09/21 v3.32 KOMA-Script package (using LaTeX hooks)
 (C:\Users\074be\AppData\Local\Programs\MiKTeX\tex/latex/koma-script\scrlogo.sty
Package: scrlogo 2020/09/21 v3.32 KOMA-Script package (logo)
)))))

LaTeX Warning: Command \@footnotemark  has changed.
               Check if current package is valid.

)) (QueENV.tex
\c@QC=\count280
) (CoverPage.tex)
\@input{./CMD output.aux}
\openout2 = `"./CMD output.aux"'.

("CMD output.tex" (C:\Users\074be\AppData\Local\Programs\MiKTeX\tex/latex/listings\listings.sty
\lst@mode=\count281
\lst@gtempboxa=\box100
\lst@token=\toks25
\lst@length=\count282
\lst@currlwidth=\dimen180
\lst@column=\count283
\lst@pos=\count284
\lst@lostspace=\dimen181
\lst@width=\dimen182
\lst@newlines=\count285
\lst@lineno=\count286
\lst@maxwidth=\dimen183
 (C:\Users\074be\AppData\Local\Programs\MiKTeX\tex/latex/listings\lstmisc.sty
File: lstmisc.sty 2020/03/24 1.8d (Carsten Heinz)
\c@lstnumber=\count287
\lst@skipnumbers=\count288
\lst@framebox=\box101
) (C:\Users\074be\AppData\Local\Programs\MiKTeX\tex/latex/listings\listings.cfg
File: listings.cfg 2020/03/24 1.8d listings configuration
))
Package: listings 2020/03/24 1.8d (Carsten Heinz)
 (C:\Users\074be\AppData\Local\Programs\MiKTeX\tex/latex/mdframed\mdframed.sty
Package: mdframed 2013/07/01 1.9b: mdframed
 (C:\Users\074be\AppData\Local\Programs\MiKTeX\tex/latex/etoolbox\etoolbox.sty
Package: etoolbox 2020/10/05 v2.5k e-TeX tools for LaTeX (JAW)
\etb@tempcnta=\count289
) (C:\Users\074be\AppData\Local\Programs\MiKTeX\tex/latex/zref\zref-abspage.sty
Package: zref-abspage 2020-07-03 v2.32 Module abspage for zref (HO)
 (C:\Users\074be\AppData\Local\Programs\MiKTeX\tex/latex/zref\zref-base.sty
Package: zref-base 2020-07-03 v2.32 Module base for zref (HO)
Package zref Info: New property list: main on input line 764.
Package zref Info: New property: default on input line 765.
Package zref Info: New property: page on input line 766.
)
\c@abspage=\count290
Package zref Info: New property: abspage on input line 66.
) (C:\Users\074be\AppData\Local\Programs\MiKTeX\tex/latex/needspace\needspace.sty
Package: needspace 2010/09/12 v1.3d reserve vertical space
)
\mdf@templength=\skip66
\c@mdf@globalstyle@cnt=\count291
\mdf@skipabove@length=\skip67
\mdf@skipbelow@length=\skip68
\mdf@leftmargin@length=\skip69
\mdf@rightmargin@length=\skip70
\mdf@innerleftmargin@length=\skip71
\mdf@innerrightmargin@length=\skip72
\mdf@innertopmargin@length=\skip73
\mdf@innerbottommargin@length=\skip74
\mdf@splittopskip@length=\skip75
\mdf@splitbottomskip@length=\skip76
\mdf@outermargin@length=\skip77
\mdf@innermargin@length=\skip78
\mdf@linewidth@length=\skip79
\mdf@innerlinewidth@length=\skip80
\mdf@middlelinewidth@length=\skip81
\mdf@outerlinewidth@length=\skip82
\mdf@roundcorner@length=\skip83
\mdf@footenotedistance@length=\skip84
\mdf@userdefinedwidth@length=\skip85
\mdf@needspace@length=\skip86
\mdf@frametitleaboveskip@length=\skip87
\mdf@frametitlebelowskip@length=\skip88
\mdf@frametitlerulewidth@length=\skip89
\mdf@frametitleleftmargin@length=\skip90
\mdf@frametitlerightmargin@length=\skip91
\mdf@shadowsize@length=\skip92
\mdf@extratopheight@length=\skip93
\mdf@subtitleabovelinewidth@length=\skip94
\mdf@subtitlebelowlinewidth@length=\skip95
\mdf@subtitleaboveskip@length=\skip96
\mdf@subtitlebelowskip@length=\skip97
\mdf@subtitleinneraboveskip@length=\skip98
\mdf@subtitleinnerbelowskip@length=\skip99
\mdf@subsubtitleabovelinewidth@length=\skip100
\mdf@subsubtitlebelowlinewidth@length=\skip101
\mdf@subsubtitleaboveskip@length=\skip102
\mdf@subsubtitlebelowskip@length=\skip103
\mdf@subsubtitleinneraboveskip@length=\skip104
\mdf@subsubtitleinnerbelowskip@length=\skip105
 (C:\Users\074be\AppData\Local\Programs\MiKTeX\tex/latex/mdframed\md-frame-0.mdf
File: md-frame-0.mdf 2013/07/01\ 1.9b: md-frame-0
)
\mdf@frametitlebox=\box102
\mdf@footnotebox=\box103
\mdf@splitbox@one=\box104
\mdf@splitbox@two=\box105
\mdf@splitbox@save=\box106
\mdfsplitboxwidth=\skip106
\mdfsplitboxtotalwidth=\skip107
\mdfsplitboxheight=\skip108
\mdfsplitboxdepth=\skip109
\mdfsplitboxtotalheight=\skip110
\mdfframetitleboxwidth=\skip111
\mdfframetitleboxtotalwidth=\skip112
\mdfframetitleboxheight=\skip113
\mdfframetitleboxdepth=\skip114
\mdfframetitleboxtotalheight=\skip115
\mdffootnoteboxwidth=\skip116
\mdffootnoteboxtotalwidth=\skip117
\mdffootnoteboxheight=\skip118
\mdffootnoteboxdepth=\skip119
\mdffootnoteboxtotalheight=\skip120
\mdftotallinewidth=\skip121
\mdfboundingboxwidth=\skip122
\mdfboundingboxtotalwidth=\skip123
\mdfboundingboxheight=\skip124
\mdfboundingboxdepth=\skip125
\mdfboundingboxtotalheight=\skip126
\mdf@freevspace@length=\skip127
\mdf@horizontalwidthofbox@length=\skip128
\mdf@verticalmarginwhole@length=\skip129
\mdf@horizontalspaceofbox=\skip130
\mdfsubtitleheight=\skip131
\mdfsubsubtitleheight=\skip132
\c@mdfcountframes=\count292

****** mdframed patching \endmdf@trivlist

****** -- success******

\mdf@envdepth=\count293
\c@mdf@env@i=\count294
\c@mdf@env@ii=\count295
\c@mdf@zref@counter=\count296
Package zref Info: New property: mdf@pagevalue on input line 895.
) (C:\Users\074be\AppData\Local\Programs\MiKTeX\tex/latex/xcolor\xcolor.sty
Package: xcolor 2016/05/11 v2.12 LaTeX color extensions (UK)
 (C:\Users\074be\AppData\Local\Programs\MiKTeX\tex/latex/graphics-cfg\color.cfg
File: color.cfg 2016/01/02 v1.6 sample color configuration
)
Package xcolor Info: Driver file: pdftex.def on input line 225.
LaTeX Info: Redefining \color on input line 709.
Package xcolor Info: Model `cmy' substituted by `cmy0' on input line 1348.
Package xcolor Info: Model `hsb' substituted by `rgb' on input line 1352.
Package xcolor Info: Model `RGB' extended on input line 1364.
Package xcolor Info: Model `HTML' substituted by `rgb' on input line 1366.
Package xcolor Info: Model `Hsb' substituted by `hsb' on input line 1367.
Package xcolor Info: Model `tHsb' substituted by `hsb' on input line 1368.
Package xcolor Info: Model `HSB' substituted by `hsb' on input line 1369.
Package xcolor Info: Model `Gray' substituted by `gray' on input line 1370.
Package xcolor Info: Model `wave' substituted by `hsb' on input line 1371.
))
LaTeX Font Info:    Trying to load font information for OT1+ppl on input line 53.
 (C:\Users\074be\AppData\Local\Programs\MiKTeX\tex/latex/psnfss\ot1ppl.fd
File: ot1ppl.fd 2001/06/04 font definitions for OT1/ppl.
) ("c:/Users\074be\Documents\aaaaaaaaaImportant Files\Computer network LABS\LAB 5\CN Lab 5 Amrit Prasad Phuyal.aux")
\openout1 = `"CN Lab 5 Amrit Prasad Phuyal.aux"'.

LaTeX Font Info:    Checking defaults for OML/cmm/m/it on input line 53.
LaTeX Font Info:    ... okay on input line 53.
LaTeX Font Info:    Checking defaults for OMS/cmsy/m/n on input line 53.
LaTeX Font Info:    ... okay on input line 53.
LaTeX Font Info:    Checking defaults for OT1/cmr/m/n on input line 53.
LaTeX Font Info:    ... okay on input line 53.
LaTeX Font Info:    Checking defaults for T1/cmr/m/n on input line 53.
LaTeX Font Info:    ... okay on input line 53.
LaTeX Font Info:    Checking defaults for TS1/cmr/m/n on input line 53.
LaTeX Font Info:    ... okay on input line 53.
LaTeX Font Info:    Checking defaults for OMX/cmex/m/n on input line 53.
LaTeX Font Info:    ... okay on input line 53.
LaTeX Font Info:    Checking defaults for U/cmr/m/n on input line 53.
LaTeX Font Info:    ... okay on input line 53.
LaTeX Font Info:    Checking defaults for PD1/pdf/m/n on input line 53.
LaTeX Font Info:    ... okay on input line 53.

*geometry* driver: auto-detecting
*geometry* detected driver: pdftex
*geometry* verbose mode - [ preamble ] result:
* driver: pdftex
* paper: a4paper
* layout: <same size as paper>
* layoutoffset:(h,v)=(0.0pt,0.0pt)
* modes: 
* h-part:(L,W,R)=(56.9055pt, 483.69684pt, 56.90553pt)
* v-part:(T,H,B)=(56.9055pt, 731.23582pt, 56.90552pt)
* \paperwidth=597.50787pt
* \paperheight=845.04684pt
* \textwidth=483.69684pt
* \textheight=731.23582pt
* \oddsidemargin=-15.36449pt
* \evensidemargin=-15.36449pt
* \topmargin=-52.36449pt
* \headheight=30.0pt
* \headsep=25.0pt
* \topskip=11.0pt
* \footskip=20.0pt
* \marginparwidth=50.0pt
* \marginparsep=10.0pt
* \columnsep=10.0pt
* \skip\footins=10.0pt plus 4.0pt minus 2.0pt
* \hoffset=0.0pt
* \voffset=0.0pt
* \mag=1000
* \@twocolumnfalse
* \@twosidefalse
* \@mparswitchfalse
* \@reversemarginfalse
* (1in=72.27pt=25.4mm, 1cm=28.453pt)

(C:\Users\074be\AppData\Local\Programs\MiKTeX\tex/context/base/mkii\supp-pdf.mkii
[Loading MPS to PDF converter (version 2006.09.02).]
\scratchcounter=\count297
\scratchdimen=\dimen184
\scratchbox=\box107
\nofMPsegments=\count298
\nofMParguments=\count299
\everyMPshowfont=\toks26
\MPscratchCnt=\count300
\MPscratchDim=\dimen185
\MPnumerator=\count301
\makeMPintoPDFobject=\count302
\everyMPtoPDFconversion=\toks27
) (C:\Users\074be\AppData\Local\Programs\MiKTeX\tex/latex/epstopdf-pkg\epstopdf-base.sty
Package: epstopdf-base 2020-01-24 v2.11 Base part for package epstopdf
Package epstopdf-base Info: Redefining graphics rule for `.eps' on input line 485.
)
Package hyperref Info: Link coloring ON on input line 53.
 (C:\Users\074be\AppData\Local\Programs\MiKTeX\tex/latex/hyperref\nameref.sty
Package: nameref 2019/09/16 v2.46 Cross-referencing by name of section
 (C:\Users\074be\AppData\Local\Programs\MiKTeX\tex/latex/refcount\refcount.sty
Package: refcount 2019/12/15 v3.6 Data extraction from label references (HO)
) (C:\Users\074be\AppData\Local\Programs\MiKTeX\tex/generic/gettitlestring\gettitlestring.sty
Package: gettitlestring 2019/12/15 v1.6 Cleanup title references (HO)
)
\c@section@level=\count303
)
LaTeX Info: Redefining \ref on input line 53.
LaTeX Info: Redefining \pageref on input line 53.
LaTeX Info: Redefining \nameref on input line 53.
 ("c:/Users\074be\Documents\aaaaaaaaaImportant Files\Computer network LABS\LAB 5\CN Lab 5 Amrit Prasad Phuyal.out") ("c:/Users\074be\Documents\aaaaaaaaaImportant Files\Computer network LABS\LAB 5\CN Lab 5 Amrit Prasad Phuyal.out")
\@outlinefile=\write3
\openout3 = `"CN Lab 5 Amrit Prasad Phuyal.out"'.

\big@size=\dimen186
\c@lstlisting=\count304
<tulogo.jpg, id=51, 881.2925pt x 1045.9075pt>
File: tulogo.jpg Graphic file (type jpg)
<use tulogo.jpg>
Package pdftex.def Info: tulogo.jpg  used on input line 58.
(pdftex.def)             Requested size: 114.57204pt x 135.97275pt.
LaTeX Font Info:    Trying to load font information for OML+zplm on input line 58.
 (C:\Users\074be\AppData\Local\Programs\MiKTeX\tex/latex/psnfss\omlzplm.fd
File: omlzplm.fd 2002/09/08 Fontinst v1.914 font definitions for OML/zplm.
)
LaTeX Font Info:    Trying to load font information for OMS+zplm on input line 58.
 (C:\Users\074be\AppData\Local\Programs\MiKTeX\tex/latex/psnfss\omszplm.fd
File: omszplm.fd 2002/09/08 Fontinst v1.914 font definitions for OMS/zplm.
)
LaTeX Font Info:    Trying to load font information for OMX+zplm on input line 58.
 (C:\Users\074be\AppData\Local\Programs\MiKTeX\tex/latex/psnfss\omxzplm.fd
File: omxzplm.fd 2002/09/08 Fontinst v1.914 font definitions for OMX/zplm.
)
LaTeX Font Info:    Trying to load font information for OT1+zplm on input line 58.
 (C:\Users\074be\AppData\Local\Programs\MiKTeX\tex/latex/psnfss\ot1zplm.fd
File: ot1zplm.fd 2002/09/08 Fontinst v1.914 font definitions for OT1/zplm.
) [1




{C:/Users/074be/AppData/Local/MiKTeX/pdftex/config/pdftex.map} <c:/Users/074be/Documents/aaaaaaaaaImportant Files/Computer network LABS/LAB 5/tulogo.jpg>] ("c:/Users\074be\Documents\aaaaaaaaaImportant Files\Computer network LABS\LAB 5\CN Lab 5 Amrit Prasad Phuyal.toc")
\tf@toc=\write4
\openout4 = `"CN Lab 5 Amrit Prasad Phuyal.toc"'.

 [1] ("c:/Users\074be\Documents\aaaaaaaaaImportant Files\Computer network LABS\LAB 5\CN Lab 5 Amrit Prasad Phuyal.lot"pdfTeX warning (ext4): destination with the same identifier (name{page.}) has been already used, duplicate ignored
<to be read again> 
                   \relax 
l.30 \subsubsection
                    *{B.10 : Ping from Router 0} [2])
\tf@lot=\write5
\openout5 = `"CN Lab 5 Amrit Prasad Phuyal.lot"'.

pdfTeX warning (ext4): destination with the same identifier (name{page.}) has been already used, duplicate ignored
<to be read again> 
                   \relax 
l.70 \lstlistoflistings
                        [3] ("c:/Users\074be\Documents\aaaaaaaaaImportant Files\Computer network LABS\LAB 5\CN Lab 5 Amrit Prasad Phuyal.lol"pdfTeX warning (ext4): destination with the same identifier (name{page.}) has been already used, duplicate ignored
<to be read again> 
                   \relax 
l.34 ...how ip route} Router 1}{14}{lstlisting.22}
                                                  % [4]pdfTeX warning (ext4): destination with the same identifier (name{page.}) has been already used, duplicate ignored
<to be read again> 
                   \relax 
l.72 ...g from Router 3 to PC2}{23}{lstlisting.52}
                                                  % [5]pdfTeX warning (ext4): destination with the same identifier (name{page.}) has been already used, duplicate ignored
<to be read again> 
                   \relax 
l.109 ...ow ip route} Router 1}{39}{lstlisting.79}
                                                  % [6])
\tf@lol=\write6
\openout6 = `"CN Lab 5 Amrit Prasad Phuyal.lol"'.

pdfTeX warning (ext4): destination with the same identifier (name{page.}) has been already used, duplicate ignored
<to be read again> 
                   \relax 
l.72 \listoffigures
                    [7] ("c:/Users\074be\Documents\aaaaaaaaaImportant Files\Computer network LABS\LAB 5\CN Lab 5 Amrit Prasad Phuyal.lof")
\tf@lof=\write7
\openout7 = `"CN Lab 5 Amrit Prasad Phuyal.lof"'.

pdfTeX warning (ext4): destination with the same identifier (name{page.}) has been already used, duplicate ignored
<to be read again> 
                   \relax 
l.74 \pagenumbering
                   {arabic} [8]
LaTeX Font Info:    Trying to load font information for TS1+ppl on input line 80.
 (C:\Users\074be\AppData\Local\Programs\MiKTeX\tex/latex/psnfss\ts1ppl.fd
File: ts1ppl.fd 2001/06/04 font definitions for TS1/ppl.
)pdfTeX warning (ext4): destination with the same identifier (name{page.1}) has been already used, duplicate ignored
<to be read again> 
                   \relax 
l.97 \section
             {Exercises:} [1]
Underfull \hbox (badness 10000) in paragraph at lines 119--119

 []

[2]
<Lab5A.jpg, id=394, 637.1805pt x 311.36325pt>
File: Lab5A.jpg Graphic file (type jpg)
<use Lab5A.jpg>
Package pdftex.def Info: Lab5A.jpg  used on input line 198.
(pdftex.def)             Requested size: 509.74509pt x 249.09093pt.

Overfull \hbox (33.04825pt too wide) in paragraph at lines 198--199
 [][] 
 []

<PC1 ip.jpg, id=395, 388.45125pt x 365.56575pt>
File: PC1 ip.jpg Graphic file (type jpg)
<use PC1 ip.jpg>
Package pdftex.def Info: PC1 ip.jpg  used on input line 211.
(pdftex.def)             Requested size: 252.49031pt x 237.61491pt.
[3pdfTeX warning (ext4): destination with the same identifier (name{figure.1}) has been already used, duplicate ignored
<argument> ...shipout:D \box_use:N \l_shipout_box 
                                                  
l.216               \item P
                           C3: \quad \quad 200.20.21.2 \quad \quad 255.255.2...pdfTeX warning (ext4): destination with the same identifier (name{figure.2}) has been already used, duplicate ignored
<argument> ...shipout:D \box_use:N \l_shipout_box 
                                                  
l.216               \item P
                           C3: \quad \quad 200.20.21.2 \quad \quad 255.255.2... <c:/Users/074be/Documents/aaaaaaaaaImportant Files/Computer network LABS/LAB 5/Lab5A.jpg> <c:/Users/074be/Documents/aaaaaaaaaImportant Files/Computer network LABS/LAB 5/PC1 ip.jpg>]
Package hyperref Info: bookmark level for unknown lstlisting defaults to 0 on input line 230.
 ("c:/Users\074be\Documents\aaaaaaaaaImportant Files\Computer network LABS\LAB 5\IP00.txt")
Underfull \hbox (badness 10000) in paragraph at lines 234--235

 []

("c:/Users\074be\Documents\aaaaaaaaaImportant Files\Computer network LABS\LAB 5\IP10.txt")
Underfull \hbox (badness 10000) in paragraph at lines 244--245

 []

[4] ("c:/Users\074be\Documents\aaaaaaaaaImportant Files\Computer network LABS\LAB 5\AP2-3.txt") ("c:/Users\074be\Documents\aaaaaaaaaImportant Files\Computer network LABS\LAB 5\AP2-r11.txt") [5pdfTeX warning (ext4): destination with the same identifier (name{table.1}) has been already used, duplicate ignored
<argument> ...shipout:D \box_use:N \l_shipout_box 
                                                  
l.329 
      ] ("c:/Users\074be\Documents\aaaaaaaaaImportant Files\Computer network LABS\LAB 5\AP4-2.txt") ("c:/Users\074be\Documents\aaaaaaaaaImportant Files\Computer network LABS\LAB 5\AP4-r11.txt") [6pdfTeX warning (ext4): destination with the same identifier (name{table.2}) has been already used, duplicate ignored
<argument> ...shipout:D \box_use:N \l_shipout_box 
                                                  
l.376 
      ] ("c:/Users\074be\Documents\aaaaaaaaaImportant Files\Computer network LABS\LAB 5\AP6-2.txt") ("c:/Users\074be\Documents\aaaaaaaaaImportant Files\Computer network LABS\LAB 5\AP6-r01.txt") [7pdfTeX warning (ext4): destination with the same identifier (name{table.3}) has been already used, duplicate ignored
<argument> ...shipout:D \box_use:N \l_shipout_box 
                                                  
l.426 ...{Default Route configuration in Router 0}
                                                  pdfTeX warning (ext4): destination with the same identifier (name{table.4}) has been already used, duplicate ignored
<argument> ...shipout:D \box_use:N \l_shipout_box 
                                                  
l.426 ...{Default Route configuration in Router 0}
                                                  ] ("c:/Users\074be\Documents\aaaaaaaaaImportant Files\Computer network LABS\LAB 5\A_default route 0.txt") ("c:/Users\074be\Documents\aaaaaaaaaImportant Files\Computer network LABS\LAB 5\A_Showip0.txt") ("c:/Users\074be\Documents\aaaaaaaaaImportant Files\Computer network LABS\LAB 5\A_default route 1.txt") ("c:/Users\074be\Documents\aaaaaaaaaImportant Files\Computer network LABS\LAB 5\A_Showip1.txt") ("c:/Users\074be\Documents\aaaaaaaaaImportant Files\Computer network LABS\LAB 5\DAP2-6.txt") [8] ("c:/Users\074be\Documents\aaaaaaaaaImportant Files\Computer network LABS\LAB 5\DAP4-6.txt") [9pdfTeX warning (ext4): destination with the same identifier (name{table.5}) has been already used, duplicate ignored
<argument> ...shipout:D \box_use:N \l_shipout_box 
                                                  
l.523 
      ] ("c:/Users\074be\Documents\aaaaaaaaaImportant Files\Computer network LABS\LAB 5\DAP6-2.txt") [10pdfTeX warning (ext4): destination with the same identifier (name{table.6}) has been already used, duplicate ignored
<argument> ...shipout:D \box_use:N \l_shipout_box 
                                                  
l.568 
      pdfTeX warning (ext4): destination with the same identifier (name{table.7}) has been already used, duplicate ignored
<argument> ...shipout:D \box_use:N \l_shipout_box 
                                                  
l.568 
      ] ("c:/Users\074be\Documents\aaaaaaaaaImportant Files\Computer network LABS\LAB 5\Hostname_0.txt") ("c:/Users\074be\Documents\aaaaaaaaaImportant Files\Computer network LABS\LAB 5\Hostname_1.txt") [11]
<Lab5B.jpg, id=610, 1087.06125pt x 392.667pt>
File: Lab5B.jpg Graphic file (type jpg)
<use Lab5B.jpg>
Package pdftex.def Info: Lab5B.jpg  used on input line 608.
(pdftex.def)             Requested size: 521.78348pt x 188.47801pt.

Overfull \hbox (45.08664pt too wide) in paragraph at lines 608--609
 [][] 
 []

("c:/Users\074be\Documents\aaaaaaaaaImportant Files\Computer network LABS\LAB 5\B_config0.txt") ("c:/Users\074be\Documents\aaaaaaaaaImportant Files\Computer network LABS\LAB 5\B_IP0.txt")
Package mdframed Info: Not enough space on this page on input line 647.
 [12pdfTeX warning (ext4): destination with the same identifier (name{figure.3}) has been already used, duplicate ignored
<argument> ...shipout:D \box_use:N \l_shipout_box 
                                                  
l.647 ...t}{Configuring each interface of Router0}
                                                  pdfTeX warning (ext4): destination with the same identifier (name{table.8}) has been already used, duplicate ignored
<argument> ...shipout:D \box_use:N \l_shipout_box 
                                                  
l.647 ...t}{Configuring each interface of Router0}
                                                   <c:/Users/074be/Documents/aaaaaaaaaImportant Files/Computer network LABS/LAB 5/Lab5B.jpg>]
Package mdframed Info: Not enough space on this page on input line 647.
 ("c:/Users\074be\Documents\aaaaaaaaaImportant Files\Computer network LABS\LAB 5\B_IP3.txt") [13] ("c:/Users\074be\Documents\aaaaaaaaaImportant Files\Computer network LABS\LAB 5\B_Showip0.txt") ("c:/Users\074be\Documents\aaaaaaaaaImportant Files\Computer network LABS\LAB 5\B_Showip1.txt") [14pdfTeX warning (ext4): destination with the same identifier (name{table.9}) has been already used, duplicate ignored
<argument> ...shipout:D \box_use:N \l_shipout_box 
                                                  
l.732 ...ip1.txt}{\textit{show ip route} Router 1}
                                                  pdfTeX warning (ext4): destination with the same identifier (name{table.10}) has been already used, duplicate ignored
<argument> ...shipout:D \box_use:N \l_shipout_box 
                                                  
l.732 ...ip1.txt}{\textit{show ip route} Router 1}
                                                  ] ("c:/Users\074be\Documents\aaaaaaaaaImportant Files\Computer network LABS\LAB 5\B_Showip2.txt") ("c:/Users\074be\Documents\aaaaaaaaaImportant Files\Computer network LABS\LAB 5\B_Showip3.txt") ("c:/Users\074be\Documents\aaaaaaaaaImportant Files\Computer network LABS\LAB 5\BP0-r01.txt") ("c:/Users\074be\Documents\aaaaaaaaaImportant Files\Computer network LABS\LAB 5\BP0-r22.txt") [15] ("c:/Users\074be\Documents\aaaaaaaaaImportant Files\Computer network LABS\LAB 5\BP0-3.txt") ("c:/Users\074be\Documents\aaaaaaaaaImportant Files\Computer network LABS\LAB 5\BP1-r01.txt") ("c:/Users\074be\Documents\aaaaaaaaaImportant Files\Computer network LABS\LAB 5\BP1-r22.txt")
Package mdframed Info: Not enough space on this page on input line 805.
 [16pdfTeX warning (ext4): destination with the same identifier (name{table.11}) has been already used, duplicate ignored
<argument> ...shipout:D \box_use:N \l_shipout_box 
                                                  
l.805 ...r22.txt}{Ping from PC1 to Router 2 : 0/2}
                                                  ]
Package mdframed Info: Not enough space on this page on input line 805.
 ("c:/Users\074be\Documents\aaaaaaaaaImportant Files\Computer network LABS\LAB 5\BP1-3.txt") ("c:/Users\074be\Documents\aaaaaaaaaImportant Files\Computer network LABS\LAB 5\BP2-r01.txt") [17pdfTeX warning (ext4): destination with the same identifier (name{table.12}) has been already used, duplicate ignored
<argument> ...shipout:D \box_use:N \l_shipout_box 
                                                  
l.867 ...r01.txt}{Ping from PC2 to Router 0 : 0/1}
                                                  ] ("c:/Users\074be\Documents\aaaaaaaaaImportant Files\Computer network LABS\LAB 5\BP2-1.txt") ("c:/Users\074be\Documents\aaaaaaaaaImportant Files\Computer network LABS\LAB 5\BP2-3.txt") ("c:/Users\074be\Documents\aaaaaaaaaImportant Files\Computer network LABS\LAB 5\BP3-r01.txt")
Package mdframed Info: Not enough space on this page on input line 933.
 [18pdfTeX warning (ext4): destination with the same identifier (name{table.13}) has been already used, duplicate ignored
<argument> ...shipout:D \box_use:N \l_shipout_box 
                                                  
l.933 ...r01.txt}{Ping from PC3 to Router 0 : 0/1}
                                                  ]
Package mdframed Info: Not enough space on this page on input line 933.
 ("c:/Users\074be\Documents\aaaaaaaaaImportant Files\Computer network LABS\LAB 5\BP3-1.txt") ("c:/Users\074be\Documents\aaaaaaaaaImportant Files\Computer network LABS\LAB 5\BP3-2.txt") ("c:/Users\074be\Documents\aaaaaaaaaImportant Files\Computer network LABS\LAB 5\BP3-s1.txt") [19] ("c:/Users\074be\Documents\aaaaaaaaaImportant Files\Computer network LABS\LAB 5\BPr0-0.txt") ("c:/Users\074be\Documents\aaaaaaaaaImportant Files\Computer network LABS\LAB 5\BPr0-1.txt") ("c:/Users\074be\Documents\aaaaaaaaaImportant Files\Computer network LABS\LAB 5\BPr0-2.txt") ("c:/Users\074be\Documents\aaaaaaaaaImportant Files\Computer network LABS\LAB 5\BPr0-s1.txt") [20pdfTeX warning (ext4): destination with the same identifier (name{table.14}) has been already used, duplicate ignored
<argument> ...shipout:D \box_use:N \l_shipout_box 
                                                  
l.1055 
       ] ("c:/Users\074be\Documents\aaaaaaaaaImportant Files\Computer network LABS\LAB 5\BPr1-0.txt") ("c:/Users\074be\Documents\aaaaaaaaaImportant Files\Computer network LABS\LAB 5\BPr1-1.txt") ("c:/Users\074be\Documents\aaaaaaaaaImportant Files\Computer network LABS\LAB 5\BPr1-r21.txt") ("c:/Users\074be\Documents\aaaaaaaaaImportant Files\Computer network LABS\LAB 5\BPr1-s1.txt") [21pdfTeX warning (ext4): destination with the same identifier (name{table.15}) has been already used, duplicate ignored
<argument> ...shipout:D \box_use:N \l_shipout_box 
                                                  
l.1120 
       ] ("c:/Users\074be\Documents\aaaaaaaaaImportant Files\Computer network LABS\LAB 5\BPr2-0.txt") ("c:/Users\074be\Documents\aaaaaaaaaImportant Files\Computer network LABS\LAB 5\BPr2-r10.txt") ("c:/Users\074be\Documents\aaaaaaaaaImportant Files\Computer network LABS\LAB 5\BPr2-2.txt") ("c:/Users\074be\Documents\aaaaaaaaaImportant Files\Computer network LABS\LAB 5\BPr2-3.txt") [22pdfTeX warning (ext4): destination with the same identifier (name{table.16}) has been already used, duplicate ignored
<argument> ...shipout:D \box_use:N \l_shipout_box 
                                                  
l.1184 
       ] ("c:/Users\074be\Documents\aaaaaaaaaImportant Files\Computer network LABS\LAB 5\BPr3-0.txt") ("c:/Users\074be\Documents\aaaaaaaaaImportant Files\Computer network LABS\LAB 5\BPr3-1.txt") ("c:/Users\074be\Documents\aaaaaaaaaImportant Files\Computer network LABS\LAB 5\BPr3-2.txt") ("c:/Users\074be\Documents\aaaaaaaaaImportant Files\Computer network LABS\LAB 5\BPr3-s1.txt") [23pdfTeX warning (ext4): destination with the same identifier (name{table.17}) has been already used, duplicate ignored
<argument> ...shipout:D \box_use:N \l_shipout_box 
                                                  
l.1249 
       ] ("c:/Users\074be\Documents\aaaaaaaaaImportant Files\Computer network LABS\LAB 5\B_tel_SR0.txt") ("c:/Users\074be\Documents\aaaaaaaaaImportant Files\Computer network LABS\LAB 5\B_tel_SR1.txt") [24pdfTeX warning (ext4): destination with the same identifier (name{table.18}) has been already used, duplicate ignored
<argument> ...shipout:D \box_use:N \l_shipout_box 
                                                  
l.1263 ...o Router 1 and set Static Configuration}
                                                  ] ("c:/Users\074be\Documents\aaaaaaaaaImportant Files\Computer network LABS\LAB 5\B_SR2.txt") ("c:/Users\074be\Documents\aaaaaaaaaImportant Files\Computer network LABS\LAB 5\B_SR3.txt") ("c:/Users\074be\Documents\aaaaaaaaaImportant Files\Computer network LABS\LAB 5\SBP0-3.txt")
Package mdframed Info: Box was splittet wrong
 starting loop to iterate the splitting point
(mdframed)              on input line 1283.
 [25] ("c:/Users\074be\Documents\aaaaaaaaaImportant Files\Computer network LABS\LAB 5\SBP1-3.txt") [26pdfTeX warning (ext4): destination with the same identifier (name{table.19}) has been already used, duplicate ignored
<argument> ...shipout:D \box_use:N \l_shipout_box 
                                                  
l.1377 
       ] ("c:/Users\074be\Documents\aaaaaaaaaImportant Files\Computer network LABS\LAB 5\SBP2-r01.txt") [27pdfTeX warning (ext4): destination with the same identifier (name{table.20}) has been already used, duplicate ignored
<argument> ...shipout:D \box_use:N \l_shipout_box 
                                                  
l.1422 
       ] ("c:/Users\074be\Documents\aaaaaaaaaImportant Files\Computer network LABS\LAB 5\SBP3-1.txt") [28pdfTeX warning (ext4): destination with the same identifier (name{table.21}) has been already used, duplicate ignored
<argument> ...shipout:D \box_use:N \l_shipout_box 
                                                  
l.1468 
       ] ("c:/Users\074be\Documents\aaaaaaaaaImportant Files\Computer network LABS\LAB 5\SBPr0-2.txt") ("c:/Users\074be\Documents\aaaaaaaaaImportant Files\Computer network LABS\LAB 5\SBPr1-s1.txt")
Package mdframed Info: Not enough space on this page on input line 1516.
 [29pdfTeX warning (ext4): destination with the same identifier (name{table.22}) has been already used, duplicate ignored
<argument> ...shipout:D \box_use:N \l_shipout_box 
                                                  
l.1516 ...-s1.txt}{Ping from Router 1 to Server 1}
                                                  pdfTeX warning (ext4): destination with the same identifier (name{table.23}) has been already used, duplicate ignored
<argument> ...shipout:D \box_use:N \l_shipout_box 
                                                  
l.1516 ...-s1.txt}{Ping from Router 1 to Server 1}
                                                  ]
Package mdframed Info: Not enough space on this page on input line 1516.
 ("c:/Users\074be\Documents\aaaaaaaaaImportant Files\Computer network LABS\LAB 5\SBPr2-0.txt") [30pdfTeX warning (ext4): destination with the same identifier (name{table.24}) has been already used, duplicate ignored
<argument> ...shipout:D \box_use:N \l_shipout_box 
                                                  
l.1604 
       ] ("c:/Users\074be\Documents\aaaaaaaaaImportant Files\Computer network LABS\LAB 5\SBPr3-2.txt") ("c:/Users\074be\Documents\aaaaaaaaaImportant Files\Computer network LABS\LAB 5\SB_Showip0.txt")
Package mdframed Info: Not enough space on this page on input line 1658.
 [31pdfTeX warning (ext4): destination with the same identifier (name{table.25}) has been already used, duplicate ignored
<argument> ...shipout:D \box_use:N \l_shipout_box 
                                                  
l.1658 ...uter 0 after Static route Configuration}
                                                  pdfTeX warning (ext4): destination with the same identifier (name{table.26}) has been already used, duplicate ignored
<argument> ...shipout:D \box_use:N \l_shipout_box 
                                                  
l.1658 ...uter 0 after Static route Configuration}
                                                  ]
Package mdframed Info: Not enough space on this page on input line 1658.
 ("c:/Users\074be\Documents\aaaaaaaaaImportant Files\Computer network LABS\LAB 5\SB_Showip1.txt") ("c:/Users\074be\Documents\aaaaaaaaaImportant Files\Computer network LABS\LAB 5\SB_Showip2.txt") ("c:/Users\074be\Documents\aaaaaaaaaImportant Files\Computer network LABS\LAB 5\SB_Showip3.txt") [32] [33pdfTeX warning (ext4): destination with the same identifier (name{table.27}) has been already used, duplicate ignored
<argument> ...shipout:D \box_use:N \l_shipout_box 
                                                  
l.1694 
       ]
<Lab5C.jpg, id=1288, 1006.35976pt x 355.3275pt>
File: Lab5C.jpg Graphic file (type jpg)
<use Lab5C.jpg>
Package pdftex.def Info: Lab5C.jpg  used on input line 1713.
(pdftex.def)             Requested size: 503.17865pt x 177.6633pt.

Overfull \hbox (26.48181pt too wide) in paragraph at lines 1713--1714
 [][] 
 []

("c:/Users\074be\Documents\aaaaaaaaaImportant Files\Computer network LABS\LAB 5\C_Dr0.txt") ("c:/Users\074be\Documents\aaaaaaaaaImportant Files\Computer network LABS\LAB 5\C_Dr1.txt") ("c:/Users\074be\Documents\aaaaaaaaaImportant Files\Computer network LABS\LAB 5\C_Dr2.txt") [34pdfTeX warning (ext4): destination with the same identifier (name{figure.4}) has been already used, duplicate ignored
<argument> ...shipout:D \box_use:N \l_shipout_box 
                                                  
l.1729 ...nimize static route entries in Router 2}
                                                   <c:/Users/074be/Documents/aaaaaaaaaImportant Files/Computer network LABS/LAB 5/Lab5C.jpg>] ("c:/Users\074be\Documents\aaaaaaaaaImportant Files\Computer network LABS\LAB 5\C_Dr3.txt") ("c:/Users\074be\Documents\aaaaaaaaaImportant Files\Computer network LABS\LAB 5\SCP0-3.txt") [35] ("c:/Users\074be\Documents\aaaaaaaaaImportant Files\Computer network LABS\LAB 5\SCP1-3.txt") [36pdfTeX warning (ext4): destination with the same identifier (name{table.28}) has been already used, duplicate ignored
<argument> ...shipout:D \box_use:N \l_shipout_box 
                                                  
l.1834 
       ] ("c:/Users\074be\Documents\aaaaaaaaaImportant Files\Computer network LABS\LAB 5\SCP2-r01.txt") [37pdfTeX warning (ext4): destination with the same identifier (name{table.29}) has been already used, duplicate ignored
<argument> ...shipout:D \box_use:N \l_shipout_box 
                                                  
l.1879 
       ] ("c:/Users\074be\Documents\aaaaaaaaaImportant Files\Computer network LABS\LAB 5\SCP3-1.txt") [38pdfTeX warning (ext4): destination with the same identifier (name{table.30}) has been already used, duplicate ignored
<argument> ...shipout:D \box_use:N \l_shipout_box 
                                                  
l.1925 
       ] ("c:/Users\074be\Documents\aaaaaaaaaImportant Files\Computer network LABS\LAB 5\C_Showip0.txt") ("c:/Users\074be\Documents\aaaaaaaaaImportant Files\Computer network LABS\LAB 5\C_Showip1.txt") ("c:/Users\074be\Documents\aaaaaaaaaImportant Files\Computer network LABS\LAB 5\C_Showip2.txt") [39pdfTeX warning (ext4): destination with the same identifier (name{table.31}) has been already used, duplicate ignored
<argument> ...shipout:D \box_use:N \l_shipout_box 
                                                  
l.1938 ...2.txt}{\textit{show ip route} Router 2 }
                                                  ] ("c:/Users\074be\Documents\aaaaaaaaaImportant Files\Computer network LABS\LAB 5\C_Showip3.txt") [40] ("c:/Users\074be\Documents\aaaaaaaaaImportant Files\Computer network LABS\LAB 5\CN Lab 5 Amrit Prasad Phuyal.aux")
Package rerunfilecheck Info: File `"CN Lab 5 Amrit Prasad Phuyal".out' has not changed.
(rerunfilecheck)             Checksum: 1513F8C8EB87A1DC0964BE5E17EB14CD;661.
 ) 
Here is how much of TeX's memory you used:
 13751 strings out of 480236
 227939 string characters out of 2880557
 1120606 words of memory out of 3000000
 28617 multiletter control sequences out of 15000+200000
 555905 words of font info for 75 fonts, out of 3000000 for 9000
 1141 hyphenation exceptions out of 8191
 98i,12n,101p,947b,1588s stack positions out of 5000i,500n,10000p,200000b,50000s
{C:/Users/074be/AppData/Local/Programs/MiKTeX/fonts/enc/dvips/base/8r.enc}<C:/Users/074be/AppData/Local/Programs/MiKTeX/fonts/type1/public/amsfonts/cm/cmtt9.pfb><C:/Users/074be/AppData/Local/Programs/MiKTeX/fonts/type1/urw/palatino/uplb8a.pfb><C:/Users/074be/AppData/Local/Programs/MiKTeX/fonts/type1/urw/palatino/uplbi8a.pfb><C:/Users/074be/AppData/Local/Programs/MiKTeX/fonts/type1/urw/palatino/uplr8a.pfb><C:/Users/074be/AppData/Local/Programs/MiKTeX/fonts/type1/urw/palatino/uplri8a.pfb>
Output written on "c:/Users\074be\Documents\aaaaaaaaaImportant Files\Computer network LABS\LAB 5\CN Lab 5 Amrit Prasad Phuyal.pdf" (49 pages, 960071 bytes).
PDF statistics:
 1730 PDF objects out of 2073 (max. 8388607)
 1146 named destinations out of 1200 (max. 500000)
 122 words of extra memory for PDF output out of 10000 (max. 10000000)

