\BOOKMARK [1][-]{section.1}{\376\377\000T\000i\000t\000l\000e}{}% 1
\BOOKMARK [1][-]{section.2}{\376\377\000O\000b\000j\000e\000c\000t\000i\000v\000e}{}% 2
\BOOKMARK [1][-]{section.3}{\376\377\000R\000e\000q\000u\000i\000r\000e\000m\000e\000n\000t}{}% 3
\BOOKMARK [2][-]{subsection.3.1}{\376\377\000M\000A\000T\000L\000A\000B}{section.3}% 4
\BOOKMARK [2][-]{subsection.3.2}{\376\377\000P\000r\000o\000t\000e\000u\000s\000\040\000D\000e\000s\000i\000g\000n\000\040\000S\000u\000i\000t\000e}{section.3}% 5
\BOOKMARK [1][-]{section.4}{\376\377\000P\000r\000o\000c\000e\000d\000u\000r\000e}{}% 6
\BOOKMARK [1][-]{section.5}{\376\377\000E\000x\000e\000r\000c\000i\000s\000e\000s\000:}{}% 7
\BOOKMARK [2][-]{subsection.5.1}{\376\377\000Q\000u\000e\000s\000t\000i\000o\000n\000\040\000-\0001}{section.5}% 8
\BOOKMARK [3][-]{subsubsection.5.1.1}{\376\377\000T\000F\000\040\000D\000e\000r\000i\000v\000a\000t\000i\000o\000n\000\040\000o\000f\000\040\000F\000i\000g\000u\000r\000e\000\040\000a}{subsection.5.1}% 9
\BOOKMARK [3][-]{subsubsection.5.1.2}{\376\377\000T\000F\000\040\000D\000e\000r\000i\000v\000a\000t\000i\000o\000n\000\040\000o\000f\000\040\000F\000i\000g\000u\000r\000e\000\040\000b}{subsection.5.1}% 10
\BOOKMARK [3][-]{subsubsection.5.1.3}{\376\377\000T\000F\000\040\000D\000e\000r\000i\000v\000a\000t\000i\000o\000n\000\040\000o\000f\000\040\000F\000i\000g\000u\000r\000e\000\040\000c}{subsection.5.1}% 11
\BOOKMARK [3][-]{subsubsection.5.1.4}{\376\377\000T\000F\000\040\000D\000e\000r\000i\000v\000a\000t\000i\000o\000n\000\040\000o\000f\000\040\000F\000i\000g\000u\000r\000e\000\040\000d}{subsection.5.1}% 12
\BOOKMARK [3][-]{subsubsection.5.1.5}{\376\377\000T\000F\000\040\000D\000e\000r\000i\000v\000a\000t\000i\000o\000n\000\040\000o\000f\000\040\000F\000i\000g\000u\000r\000e\000\040\000e}{subsection.5.1}% 13
\BOOKMARK [3][-]{subsubsection.5.1.6}{\376\377\000T\000F\000\040\000D\000e\000r\000i\000v\000a\000t\000i\000o\000n\000\040\000o\000f\000\040\000F\000i\000g\000u\000r\000e\000\040\000f}{subsection.5.1}% 14
\BOOKMARK [2][-]{subsection.5.2}{\376\377\000Q\000u\000e\000s\000t\000i\000o\000n\000\040\000-\0002}{section.5}% 15
\BOOKMARK [3][-]{subsubsection.5.2.1}{\376\377\000M\000A\000T\000L\000A\000B\000\040\000C\000o\000d\000e\000s}{subsection.5.2}% 16
\BOOKMARK [3][-]{subsubsection.5.2.2}{\376\377\000M\000A\000T\000L\000A\000B\000\040\000O\000b\000s\000e\000r\000v\000a\000t\000i\000o\000n\000s}{subsection.5.2}% 17
\BOOKMARK [2][-]{subsection.5.3}{\376\377\000Q\000u\000e\000s\000t\000i\000o\000n\000\040\000-\0003}{section.5}% 18
\BOOKMARK [3][-]{subsubsection.5.3.1}{\376\377\000P\000r\000o\000t\000e\000u\000s\000\040\000O\000b\000s\000e\000r\000v\000a\000t\000i\000o\000n\000s}{subsection.5.3}% 19
\BOOKMARK [2][-]{subsection.5.4}{\376\377\000Q\000u\000e\000s\000t\000i\000o\000n\000\040\000-\0004}{section.5}% 20
\BOOKMARK [3][-]{subsubsection.5.4.1}{\376\377\000O\000b\000s\000e\000r\000v\000a\000t\000i\000o\000n\000\040\000w\000i\000t\000h\000\040\000v\000a\000r\000y\000i\000n\000g\000\040\000c\000o\000m\000p\000o\000n\000e\000n\000t\000\040\000v\000a\000l\000u\000e\000s}{subsection.5.4}% 21
\BOOKMARK [1][-]{section.6}{\376\377\000C\000o\000n\000c\000l\000u\000s\000i\000o\000n}{}% 22
